{"numFailedTestSuites":5,"numFailedTests":2,"numPassedTestSuites":109,"numPassedTests":1362,"numPendingTestSuites":0,"numPendingTests":0,"numRuntimeErrorTestSuites":3,"numTodoTests":0,"numTotalTestSuites":114,"numTotalTests":1364,"openHandles":[],"snapshot":{"added":0,"didUpdate":false,"failure":false,"filesAdded":0,"filesRemoved":0,"filesRemovedList":[],"filesUnmatched":0,"filesUpdated":0,"matched":2,"total":2,"unchecked":0,"uncheckedKeysByFile":[],"unmatched":0,"updated":0},"startTime":1754186693045,"success":false,"testResults":[{"assertionResults":[{"ancestorTitles":["ChatMessageDisplay"],"duration":103,"failing":false,"failureDetails":[],"failureMessages":[],"fullName":"ChatMessageDisplay should render user message with correct styling","invocations":1,"location":null,"numPassingAsserts":2,"retryReasons":[],"startAt":1754186700256,"status":"passed","title":"should render user message with correct styling"},{"ancestorTitles":["ChatMessageDisplay"],"duration":36,"failing":false,"failureDetails":[],"failureMessages":[],"fullName":"ChatMessageDisplay should render assistant message with correct styling","invocations":1,"location":null,"numPassingAsserts":2,"retryReasons":[],"startAt":1754186700360,"status":"passed","title":"should render assistant message with correct styling"},{"ancestorTitles":["ChatMessageDisplay"],"duration":50,"failing":false,"failureDetails":[],"failureMessages":[],"fullName":"ChatMessageDisplay should render tool message with tool chip","invocations":1,"location":null,"numPassingAsserts":3,"retryReasons":[],"startAt":1754186700397,"status":"passed","title":"should render tool message with tool chip"},{"ancestorTitles":["ChatMessageDisplay"],"duration":25,"failing":false,"failureDetails":[],"failureMessages":[],"fullName":"ChatMessageDisplay should not show metadata controls by default","invocations":1,"location":null,"numPassingAsserts":1,"retryReasons":[],"startAt":1754186700448,"status":"passed","title":"should not show metadata controls by default"},{"ancestorTitles":["ChatMessageDisplay"],"duration":50,"failing":false,"failureDetails":[],"failureMessages":[],"fullName":"ChatMessageDisplay should show metadata controls when showMetadata is true","invocations":1,"location":null,"numPassingAsserts":1,"retryReasons":[],"startAt":1754186700474,"status":"passed","title":"should show metadata controls when showMetadata is true"},{"ancestorTitles":["ChatMessageDisplay"],"duration":54,"failing":false,"failureDetails":[],"failureMessages":[],"fullName":"ChatMessageDisplay should display message ID in metadata","invocations":1,"location":null,"numPassingAsserts":1,"retryReasons":[],"startAt":1754186700525,"status":"passed","title":"should display message ID in metadata"},{"ancestorTitles":["ChatMessageDisplay"],"duration":39,"failing":false,"failureDetails":[],"failureMessages":[],"fullName":"ChatMessageDisplay should display message order in metadata","invocations":1,"location":null,"numPassingAsserts":1,"retryReasons":[],"startAt":1754186700580,"status":"passed","title":"should display message order in metadata"},{"ancestorTitles":["ChatMessageDisplay"],"duration":43,"failing":false,"failureDetails":[],"failureMessages":[],"fullName":"ChatMessageDisplay should display provider ID in metadata","invocations":1,"location":null,"numPassingAsserts":1,"retryReasons":[],"startAt":1754186700620,"status":"passed","title":"should display provider ID in metadata"},{"ancestorTitles":["ChatMessageDisplay"],"duration":42,"failing":false,"failureDetails":[],"failureMessages":[],"fullName":"ChatMessageDisplay should display status ID in metadata","invocations":1,"location":null,"numPassingAsserts":1,"retryReasons":[],"startAt":1754186700664,"status":"passed","title":"should display status ID in metadata"},{"ancestorTitles":["ChatMessageDisplay"],"duration":35,"failing":false,"failureDetails":[],"failureMessages":[],"fullName":"ChatMessageDisplay should display function call data when present","invocations":1,"location":null,"numPassingAsserts":1,"retryReasons":[],"startAt":1754186700707,"status":"passed","title":"should display function call data when present"},{"ancestorTitles":["ChatMessageDisplay"],"duration":48,"failing":false,"failureDetails":[],"failureMessages":[],"fullName":"ChatMessageDisplay should display tool instance ID when present","invocations":1,"location":null,"numPassingAsserts":1,"retryReasons":[],"startAt":1754186700742,"status":"passed","title":"should display tool instance ID when present"},{"ancestorTitles":["ChatMessageDisplay"],"duration":34,"failing":false,"failureDetails":[],"failureMessages":[],"fullName":"ChatMessageDisplay should display optimized content when different from regular content","invocations":1,"location":null,"numPassingAsserts":2,"retryReasons":[],"startAt":1754186700791,"status":"passed","title":"should display optimized content when different from regular content"},{"ancestorTitles":["ChatMessageDisplay"],"duration":26,"failing":false,"failureDetails":[],"failureMessages":[],"fullName":"ChatMessageDisplay should display message metadata when present","invocations":1,"location":null,"numPassingAsserts":1,"retryReasons":[],"startAt":1754186700826,"status":"passed","title":"should display message metadata when present"},{"ancestorTitles":["ChatMessageDisplay"],"duration":20,"failing":false,"failureDetails":[],"failureMessages":[],"fullName":"ChatMessageDisplay should handle null content gracefully","invocations":1,"location":null,"numPassingAsserts":2,"retryReasons":[],"startAt":1754186700853,"status":"passed","title":"should handle null content gracefully"},{"ancestorTitles":["ChatMessageDisplay"],"duration":20,"failing":false,"failureDetails":[],"failureMessages":[],"fullName":"ChatMessageDisplay should handle message without tool name","invocations":1,"location":null,"numPassingAsserts":2,"retryReasons":[],"startAt":1754186700874,"status":"passed","title":"should handle message without tool name"},{"ancestorTitles":["ChatMessageDisplay"],"duration":24,"failing":false,"failureDetails":[],"failureMessages":[],"fullName":"ChatMessageDisplay should handle message without function call","invocations":1,"location":null,"numPassingAsserts":1,"retryReasons":[],"startAt":1754186700895,"status":"passed","title":"should handle message without function call"},{"ancestorTitles":["ChatMessageDisplay"],"duration":28,"failing":false,"failureDetails":[],"failureMessages":[],"fullName":"ChatMessageDisplay should handle message without optimized content","invocations":1,"location":null,"numPassingAsserts":1,"retryReasons":[],"startAt":1754186700920,"status":"passed","title":"should handle message without optimized content"},{"ancestorTitles":["ChatMessageDisplay"],"duration":27,"failing":false,"failureDetails":[],"failureMessages":[],"fullName":"ChatMessageDisplay should handle message without tool instance ID","invocations":1,"location":null,"numPassingAsserts":1,"retryReasons":[],"startAt":1754186700949,"status":"passed","title":"should handle message without tool instance ID"},{"ancestorTitles":["ChatMessageDisplay"],"duration":91,"failing":false,"failureDetails":[],"failureMessages":[],"fullName":"ChatMessageDisplay should expand and collapse metadata section","invocations":1,"location":null,"numPassingAsserts":2,"retryReasons":[],"startAt":1754186700977,"status":"passed","title":"should expand and collapse metadata section"},{"ancestorTitles":["ChatMessageDisplay"],"duration":33,"failing":false,"failureDetails":[],"failureMessages":[],"fullName":"ChatMessageDisplay should format function call JSON properly","invocations":1,"location":null,"numPassingAsserts":1,"retryReasons":[],"startAt":1754186701069,"status":"passed","title":"should format function call JSON properly"},{"ancestorTitles":["ChatMessageDisplay"],"duration":29,"failing":false,"failureDetails":[],"failureMessages":[],"fullName":"ChatMessageDisplay should format metadata JSON properly","invocations":1,"location":null,"numPassingAsserts":1,"retryReasons":[],"startAt":1754186701103,"status":"passed","title":"should format metadata JSON properly"},{"ancestorTitles":["ChatMessageDisplay"],"duration":27,"failing":false,"failureDetails":[{"matcherResult":{"pass":false,"message":"\u001b[2mexpect(\u001b[22m\u001b[31melement\u001b[39m\u001b[2m).toHaveStyle()\u001b[22m\n\n\u001b[32m- Expected\u001b[39m\n\n\u001b[32m- background-color: ;\u001b[39m\n\u001b[31m+ background-color: var(--mui-palette-action-hover);\u001b[39m"}}],"failureMessages":["Error: \u001b[2mexpect(\u001b[22m\u001b[31melement\u001b[39m\u001b[2m).toHaveStyle()\u001b[22m\n\n\u001b[32m- Expected\u001b[39m\n\n\u001b[32m- background-color: ;\u001b[39m\n\u001b[31m+ background-color: var(--mui-palette-action-hover);\u001b[39m\n    at Object.<anonymous> (C:\\Users\\seanm\\source\\repos\\titleix\\web-ui\\__tests__\\components\\chat\\chat-message-display.test.tsx:189:30)\n    at Promise.finally.completed (C:\\Users\\seanm\\source\\repos\\titleix\\web-ui\\node_modules\\jest-circus\\build\\jestAdapterInit.js:1559:28)\n    at new Promise (<anonymous>)\n    at callAsyncCircusFn (C:\\Users\\seanm\\source\\repos\\titleix\\web-ui\\node_modules\\jest-circus\\build\\jestAdapterInit.js:1499:10)\n    at _callCircusTest (C:\\Users\\seanm\\source\\repos\\titleix\\web-ui\\node_modules\\jest-circus\\build\\jestAdapterInit.js:1009:40)\n    at processTicksAndRejections (node:internal/process/task_queues:105:5)\n    at async _runTest (C:\\Users\\seanm\\source\\repos\\titleix\\web-ui\\node_modules\\jest-circus\\build\\jestAdapterInit.js:949:3)\n    at async _runTestsForDescribeBlock (C:\\Users\\seanm\\source\\repos\\titleix\\web-ui\\node_modules\\jest-circus\\build\\jestAdapterInit.js:839:13)\n    at async _runTestsForDescribeBlock (C:\\Users\\seanm\\source\\repos\\titleix\\web-ui\\node_modules\\jest-circus\\build\\jestAdapterInit.js:829:11)\n    at async run (C:\\Users\\seanm\\source\\repos\\titleix\\web-ui\\node_modules\\jest-circus\\build\\jestAdapterInit.js:757:3)\n    at async runAndTransformResultsToJestFormat (C:\\Users\\seanm\\source\\repos\\titleix\\web-ui\\node_modules\\jest-circus\\build\\jestAdapterInit.js:1920:21)\n    at async jestAdapter (C:\\Users\\seanm\\source\\repos\\titleix\\web-ui\\node_modules\\jest-circus\\build\\runner.js:101:19)\n    at async runTestInternal (C:\\Users\\seanm\\source\\repos\\titleix\\web-ui\\node_modules\\jest-runner\\build\\index.js:275:16)\n    at async runTest (C:\\Users\\seanm\\source\\repos\\titleix\\web-ui\\node_modules\\jest-runner\\build\\index.js:343:7)"],"fullName":"ChatMessageDisplay should use different colors for different roles","invocations":1,"location":null,"numPassingAsserts":0,"retryReasons":[],"startAt":1754186701133,"status":"failed","title":"should use different colors for different roles"},{"ancestorTitles":["ChatMessageDisplay"],"duration":21,"failing":false,"failureDetails":[],"failureMessages":[],"fullName":"ChatMessageDisplay should display role chip with correct color","invocations":1,"location":null,"numPassingAsserts":1,"retryReasons":[],"startAt":1754186701165,"status":"passed","title":"should display role chip with correct color"},{"ancestorTitles":["ChatMessageDisplay"],"duration":18,"failing":false,"failureDetails":[],"failureMessages":[],"fullName":"ChatMessageDisplay should display role chip with correct color for assistant","invocations":1,"location":null,"numPassingAsserts":1,"retryReasons":[],"startAt":1754186701187,"status":"passed","title":"should display role chip with correct color for assistant"},{"ancestorTitles":["ChatMessageDisplay"],"duration":25,"failing":false,"failureDetails":[],"failureMessages":[],"fullName":"ChatMessageDisplay should handle empty metadata object","invocations":1,"location":null,"numPassingAsserts":1,"retryReasons":[],"startAt":1754186701206,"status":"passed","title":"should handle empty metadata object"},{"ancestorTitles":["ChatMessageDisplay"],"duration":26,"failing":false,"failureDetails":[],"failureMessages":[],"fullName":"ChatMessageDisplay should handle null metadata","invocations":1,"location":null,"numPassingAsserts":1,"retryReasons":[],"startAt":1754186701232,"status":"passed","title":"should handle null metadata"},{"ancestorTitles":["ChatMessageDisplay"],"duration":25,"failing":false,"failureDetails":[],"failureMessages":[],"fullName":"ChatMessageDisplay should not show optimized content if same as regular content","invocations":1,"location":null,"numPassingAsserts":1,"retryReasons":[],"startAt":1754186701259,"status":"passed","title":"should not show optimized content if same as regular content"},{"ancestorTitles":["ChatMessageDisplay"],"duration":21,"failing":false,"failureDetails":[],"failureMessages":[],"fullName":"ChatMessageDisplay should handle very long content","invocations":1,"location":null,"numPassingAsserts":1,"retryReasons":[],"startAt":1754186701284,"status":"passed","title":"should handle very long content"}],"endTime":1754186701314,"message":"\u001b[1m\u001b[31m  \u001b[1m● \u001b[22m\u001b[1mChatMessageDisplay › should use different colors for different roles\u001b[39m\u001b[22m\n\n    \u001b[2mexpect(\u001b[22m\u001b[31melement\u001b[39m\u001b[2m).toHaveStyle()\u001b[22m\n\n    \u001b[32m- Expected\u001b[39m\n\n    \u001b[32m- background-color: ;\u001b[39m\n    \u001b[31m+ background-color: var(--mui-palette-action-hover);\u001b[39m\n\u001b[2m\u001b[22m\n\u001b[2m    \u001b[0m \u001b[90m 187 |\u001b[39m     \u001b[90m// User message should have different background than assistant\u001b[39m\u001b[22m\n\u001b[2m     \u001b[90m 188 |\u001b[39m     \u001b[36mlet\u001b[39m messageContainer \u001b[33m=\u001b[39m screen\u001b[33m.\u001b[39mgetByText(\u001b[32m'Test user message'\u001b[39m)\u001b[33m.\u001b[39mclosest(\u001b[32m'div'\u001b[39m)\u001b[33m;\u001b[39m\u001b[22m\n\u001b[2m    \u001b[31m\u001b[1m>\u001b[22m\u001b[2m\u001b[39m\u001b[90m 189 |\u001b[39m     expect(messageContainer)\u001b[33m.\u001b[39mtoHaveStyle(\u001b[32m'background-color: action.hover'\u001b[39m)\u001b[33m;\u001b[39m\u001b[22m\n\u001b[2m     \u001b[90m     |\u001b[39m                              \u001b[31m\u001b[1m^\u001b[22m\u001b[2m\u001b[39m\u001b[22m\n\u001b[2m     \u001b[90m 190 |\u001b[39m     \u001b[22m\n\u001b[2m     \u001b[90m 191 |\u001b[39m     rerender(\u001b[33m<\u001b[39m\u001b[33mChatMessageDisplay\u001b[39m message\u001b[33m=\u001b[39m{mockAssistantMessage} \u001b[33m/\u001b[39m\u001b[33m>\u001b[39m)\u001b[33m;\u001b[39m\u001b[22m\n\u001b[2m     \u001b[90m 192 |\u001b[39m     \u001b[0m\u001b[22m\n\u001b[2m\u001b[22m\n\u001b[2m      \u001b[2mat Object.<anonymous> (\u001b[22m\u001b[2m\u001b[0m\u001b[36m__tests__/components/chat/chat-message-display.test.tsx\u001b[39m\u001b[0m\u001b[2m:189:30)\u001b[22m\u001b[2m\u001b[22m\n","name":"C:\\Users\\seanm\\source\\repos\\titleix\\web-ui\\__tests__\\components\\chat\\chat-message-display.test.tsx","startTime":1754186693847,"status":"failed","summary":""},{"assertionResults":[{"ancestorTitles":["Chat Detail Page"],"duration":45,"failing":false,"failureDetails":[],"failureMessages":[],"fullName":"Chat Detail Page should render chat detail page with chat data","invocations":1,"location":null,"numPassingAsserts":2,"retryReasons":[],"startAt":1754186701820,"status":"passed","title":"should render chat detail page with chat data"},{"ancestorTitles":["Chat Detail Page"],"duration":4,"failing":false,"failureDetails":[{"matcherResult":{"message":"\u001b[2mexpect(\u001b[22m\u001b[31mreceived\u001b[39m\u001b[2m).\u001b[22mtoMatch\u001b[2m(\u001b[22m\u001b[32mexpected\u001b[39m\u001b[2m)\u001b[22m\n\nExpected pattern: \u001b[32m/not found/\u001b[39m\nReceived string:  \u001b[31m\"Cannot read properties of null (reading 'title')\"\u001b[39m","pass":false}}],"failureMessages":["Error: \u001b[2mexpect(\u001b[22m\u001b[31mreceived\u001b[39m\u001b[2m).\u001b[22mtoMatch\u001b[2m(\u001b[22m\u001b[32mexpected\u001b[39m\u001b[2m)\u001b[22m\n\nExpected pattern: \u001b[32m/not found/\u001b[39m\nReceived string:  \u001b[31m\"Cannot read properties of null (reading 'title')\"\u001b[39m\n    at Object.<anonymous> (C:\\Users\\seanm\\source\\repos\\titleix\\web-ui\\__tests__\\app\\chat\\[chatId]\\page.test.tsx:173:40)"],"fullName":"Chat Detail Page should call notFound for invalid chat ID","invocations":1,"location":null,"numPassingAsserts":1,"retryReasons":[],"startAt":1754186701866,"status":"failed","title":"should call notFound for invalid chat ID"},{"ancestorTitles":["Chat Detail Page"],"duration":22,"failing":false,"failureDetails":[],"failureMessages":[],"fullName":"Chat Detail Page should handle chat with no turns","invocations":1,"location":null,"numPassingAsserts":1,"retryReasons":[],"startAt":1754186701873,"status":"passed","title":"should handle chat with no turns"},{"ancestorTitles":["Chat Detail Page"],"duration":16,"failing":false,"failureDetails":[],"failureMessages":[],"fullName":"Chat Detail Page should display chat creation date","invocations":1,"location":null,"numPassingAsserts":1,"retryReasons":[],"startAt":1754186701895,"status":"passed","title":"should display chat creation date"},{"ancestorTitles":["Chat Detail Page"],"duration":18,"failing":false,"failureDetails":[],"failureMessages":[],"fullName":"Chat Detail Page should format null chat title correctly","invocations":1,"location":null,"numPassingAsserts":1,"retryReasons":[],"startAt":1754186701912,"status":"passed","title":"should format null chat title correctly"},{"ancestorTitles":["Chat Detail Page"],"duration":10,"failing":false,"failureDetails":[],"failureMessages":[],"fullName":"Chat Detail Page should handle database connection errors","invocations":1,"location":null,"numPassingAsserts":1,"retryReasons":[],"startAt":1754186701931,"status":"passed","title":"should handle database connection errors"},{"ancestorTitles":["Chat Detail Page"],"duration":21,"failing":false,"failureDetails":[],"failureMessages":[],"fullName":"Chat Detail Page should pass session to EmailDashboardLayout","invocations":1,"location":null,"numPassingAsserts":1,"retryReasons":[],"startAt":1754186701941,"status":"passed","title":"should pass session to EmailDashboardLayout"},{"ancestorTitles":["Chat Detail Page"],"duration":20,"failing":false,"failureDetails":[],"failureMessages":[],"fullName":"Chat Detail Page should group messages by turn correctly","invocations":1,"location":null,"numPassingAsserts":1,"retryReasons":[],"startAt":1754186701963,"status":"passed","title":"should group messages by turn correctly"},{"ancestorTitles":["Chat Detail Page"],"duration":4,"failing":false,"failureDetails":[],"failureMessages":[],"fullName":"Chat Detail Page should call auth function","invocations":1,"location":null,"numPassingAsserts":1,"retryReasons":[],"startAt":1754186701983,"status":"passed","title":"should call auth function"},{"ancestorTitles":["Chat Detail Page"],"duration":16,"failing":false,"failureDetails":[],"failureMessages":[],"fullName":"Chat Detail Page should handle turns without messages","invocations":1,"location":null,"numPassingAsserts":1,"retryReasons":[],"startAt":1754186701988,"status":"passed","title":"should handle turns without messages"}],"endTime":1754186702011,"message":"\u001b[1m\u001b[31m  \u001b[1m● \u001b[22m\u001b[1mChat Detail Page › should call notFound for invalid chat ID\u001b[39m\u001b[22m\n\n    \u001b[2mexpect(\u001b[22m\u001b[31mreceived\u001b[39m\u001b[2m).\u001b[22mtoMatch\u001b[2m(\u001b[22m\u001b[32mexpected\u001b[39m\u001b[2m)\u001b[22m\n\n    Expected pattern: \u001b[32m/not found/\u001b[39m\n    Received string:  \u001b[31m\"Cannot read properties of null (reading 'title')\"\u001b[39m\n\u001b[2m\u001b[22m\n\u001b[2m    \u001b[0m \u001b[90m 171 |\u001b[39m       \u001b[90m// notFound() throws a special Next.js error\u001b[39m\u001b[22m\n\u001b[2m     \u001b[90m 172 |\u001b[39m       expect(error)\u001b[33m.\u001b[39mtoBeInstanceOf(\u001b[33mError\u001b[39m)\u001b[33m;\u001b[39m\u001b[22m\n\u001b[2m    \u001b[31m\u001b[1m>\u001b[22m\u001b[2m\u001b[39m\u001b[90m 173 |\u001b[39m       expect((error \u001b[36mas\u001b[39m \u001b[33mError\u001b[39m)\u001b[33m.\u001b[39mmessage)\u001b[33m.\u001b[39mtoMatch(\u001b[35m/not found/\u001b[39m)\u001b[33m;\u001b[39m\u001b[22m\n\u001b[2m     \u001b[90m     |\u001b[39m                                        \u001b[31m\u001b[1m^\u001b[22m\u001b[2m\u001b[39m\u001b[22m\n\u001b[2m     \u001b[90m 174 |\u001b[39m     }\u001b[22m\n\u001b[2m     \u001b[90m 175 |\u001b[39m     \u001b[22m\n\u001b[2m     \u001b[90m 176 |\u001b[39m     expect(notFound)\u001b[33m.\u001b[39mtoHaveBeenCalled()\u001b[33m;\u001b[39m\u001b[0m\u001b[22m\n\u001b[2m\u001b[22m\n\u001b[2m      \u001b[2mat Object.<anonymous> (\u001b[22m\u001b[2m\u001b[0m\u001b[36m__tests__/app/chat/[chatId]/page.test.tsx\u001b[39m\u001b[0m\u001b[2m:173:40)\u001b[22m\u001b[2m\u001b[22m\n","name":"C:\\Users\\seanm\\source\\repos\\titleix\\web-ui\\__tests__\\app\\chat\\[chatId]\\page.test.tsx","startTime":1754186701356,"status":"failed","summary":""},{"assertionResults":[{"ancestorTitles":["EmailList"],"duration":331,"failing":false,"failureDetails":[],"failureMessages":[],"fullName":"EmailList should display loading state initially","invocations":1,"location":null,"numPassingAsserts":1,"retryReasons":[],"startAt":1754186705573,"status":"passed","title":"should display loading state initially"},{"ancestorTitles":["EmailList"],"duration":251,"failing":false,"failureDetails":[],"failureMessages":[],"fullName":"EmailList should display error message when fetching emails fails","invocations":1,"location":null,"numPassingAsserts":1,"retryReasons":[],"startAt":1754186705905,"status":"passed","title":"should display error message when fetching emails fails"},{"ancestorTitles":["EmailList"],"duration":185,"failing":false,"failureDetails":[],"failureMessages":[],"fullName":"EmailList should display no emails found message when there are no emails","invocations":1,"location":null,"numPassingAsserts":2,"retryReasons":[],"startAt":1754186706156,"status":"passed","title":"should display no emails found message when there are no emails"},{"ancestorTitles":["EmailList"],"duration":206,"failing":false,"failureDetails":[],"failureMessages":[],"fullName":"EmailList should display a list of emails","invocations":1,"location":null,"numPassingAsserts":4,"retryReasons":[],"startAt":1754186706342,"status":"passed","title":"should display a list of emails"},{"ancestorTitles":["EmailList"],"duration":185,"failing":false,"failureDetails":[],"failureMessages":[],"fullName":"EmailList should display the email form when an email is selected","invocations":1,"location":null,"numPassingAsserts":3,"retryReasons":[],"startAt":1754186706548,"status":"passed","title":"should display the email form when an email is selected"}],"endTime":1754186706735,"message":"","name":"C:\\Users\\seanm\\source\\repos\\titleix\\web-ui\\__tests__\\components\\email-message\\email-list.test.tsx","startTime":1754186702046,"status":"passed","summary":""},{"assertionResults":[{"ancestorTitles":["EmailDetailPanel"],"duration":23,"failing":false,"failureDetails":[],"failureMessages":[],"fullName":"EmailDetailPanel renders without crashing and shows loading state initially","invocations":1,"location":null,"numPassingAsserts":1,"retryReasons":[],"startAt":1754186709442,"status":"passed","title":"renders without crashing and shows loading state initially"},{"ancestorTitles":["EmailDetailPanel"],"duration":48,"failing":false,"failureDetails":[],"failureMessages":[],"fullName":"EmailDetailPanel shows email summary when no full email data is loaded","invocations":1,"location":null,"numPassingAsserts":4,"retryReasons":[],"startAt":1754186709466,"status":"passed","title":"shows email summary when no full email data is loaded"},{"ancestorTitles":["EmailDetailPanel"],"duration":66,"failing":false,"failureDetails":[],"failureMessages":[],"fullName":"EmailDetailPanel shows fully loaded email details when email data is successfully loaded","invocations":1,"location":null,"numPassingAsserts":7,"retryReasons":[],"startAt":1754186709516,"status":"passed","title":"shows fully loaded email details when email data is successfully loaded"},{"ancestorTitles":["EmailDetailPanel"],"duration":122,"failing":false,"failureDetails":[],"failureMessages":[],"fullName":"EmailDetailPanel handles expandable notes panel with proper loading and data display","invocations":1,"location":null,"numPassingAsserts":5,"retryReasons":[],"startAt":1754186709583,"status":"passed","title":"handles expandable notes panel with proper loading and data display"},{"ancestorTitles":["EmailDetailPanel"],"duration":112,"failing":false,"failureDetails":[],"failureMessages":[],"fullName":"EmailDetailPanel handles expandable key points panel with proper loading","invocations":1,"location":null,"numPassingAsserts":4,"retryReasons":[],"startAt":1754186709706,"status":"passed","title":"handles expandable key points panel with proper loading"},{"ancestorTitles":["EmailDetailPanel"],"duration":199,"failing":false,"failureDetails":[],"failureMessages":[],"fullName":"EmailDetailPanel shows loading state in accordion when properties are being fetched","invocations":1,"location":null,"numPassingAsserts":3,"retryReasons":[],"startAt":1754186709819,"status":"passed","title":"shows loading state in accordion when properties are being fetched"},{"ancestorTitles":["EmailDetailPanel"],"duration":38,"failing":false,"failureDetails":[],"failureMessages":[],"fullName":"EmailDetailPanel shows correct count badges in summary view","invocations":1,"location":null,"numPassingAsserts":5,"retryReasons":[],"startAt":1754186710019,"status":"passed","title":"shows correct count badges in summary view"}],"endTime":1754186710059,"message":"","name":"C:\\Users\\seanm\\source\\repos\\titleix\\web-ui\\__tests__\\components\\email-message\\email-detail-panel.test.tsx","startTime":1754186706751,"status":"passed","summary":""},{"assertionResults":[{"ancestorTitles":["ChatTurnDisplay"],"duration":33,"failing":false,"failureDetails":[],"failureMessages":[],"fullName":"ChatTurnDisplay should render turn header with basic information","invocations":1,"location":null,"numPassingAsserts":2,"retryReasons":[],"startAt":1754186712909,"status":"passed","title":"should render turn header with basic information"},{"ancestorTitles":["ChatTurnDisplay"],"duration":23,"failing":false,"failureDetails":[],"failureMessages":[],"fullName":"ChatTurnDisplay should render all messages in the turn","invocations":1,"location":null,"numPassingAsserts":2,"retryReasons":[],"startAt":1754186712943,"status":"passed","title":"should render all messages in the turn"},{"ancestorTitles":["ChatTurnDisplay"],"duration":25,"failing":false,"failureDetails":[],"failureMessages":[],"fullName":"ChatTurnDisplay should pass showMessageMetadata prop to ChatMessageDisplay","invocations":1,"location":null,"numPassingAsserts":1,"retryReasons":[],"startAt":1754186712967,"status":"passed","title":"should pass showMessageMetadata prop to ChatMessageDisplay"},{"ancestorTitles":["ChatTurnDisplay"],"duration":19,"failing":false,"failureDetails":[],"failureMessages":[],"fullName":"ChatTurnDisplay should not show turn properties by default","invocations":1,"location":null,"numPassingAsserts":2,"retryReasons":[],"startAt":1754186712993,"status":"passed","title":"should not show turn properties by default"},{"ancestorTitles":["ChatTurnDisplay"],"duration":74,"failing":false,"failureDetails":[],"failureMessages":[],"fullName":"ChatTurnDisplay should show turn properties when showTurnProperties is true and expanded","invocations":1,"location":null,"numPassingAsserts":3,"retryReasons":[],"startAt":1754186713013,"status":"passed","title":"should show turn properties when showTurnProperties is true and expanded"},{"ancestorTitles":["ChatTurnDisplay"],"duration":49,"failing":false,"failureDetails":[],"failureMessages":[],"fullName":"ChatTurnDisplay should display warnings when present","invocations":1,"location":null,"numPassingAsserts":1,"retryReasons":[],"startAt":1754186713088,"status":"passed","title":"should display warnings when present"},{"ancestorTitles":["ChatTurnDisplay"],"duration":52,"failing":false,"failureDetails":[],"failureMessages":[],"fullName":"ChatTurnDisplay should display errors when present","invocations":1,"location":null,"numPassingAsserts":1,"retryReasons":[],"startAt":1754186713138,"status":"passed","title":"should display errors when present"},{"ancestorTitles":["ChatTurnDisplay"],"duration":50,"failing":false,"failureDetails":[],"failureMessages":[],"fullName":"ChatTurnDisplay should format temperature correctly","invocations":1,"location":null,"numPassingAsserts":1,"retryReasons":[],"startAt":1754186713191,"status":"passed","title":"should format temperature correctly"},{"ancestorTitles":["ChatTurnDisplay"],"duration":50,"failing":false,"failureDetails":[],"failureMessages":[],"fullName":"ChatTurnDisplay should format top P correctly","invocations":1,"location":null,"numPassingAsserts":1,"retryReasons":[],"startAt":1754186713241,"status":"passed","title":"should format top P correctly"},{"ancestorTitles":["ChatTurnDisplay"],"duration":34,"failing":false,"failureDetails":[],"failureMessages":[],"fullName":"ChatTurnDisplay should format latency in milliseconds","invocations":1,"location":null,"numPassingAsserts":1,"retryReasons":[],"startAt":1754186713292,"status":"passed","title":"should format latency in milliseconds"},{"ancestorTitles":["ChatTurnDisplay"],"duration":29,"failing":false,"failureDetails":[],"failureMessages":[],"fullName":"ChatTurnDisplay should handle null values gracefully","invocations":1,"location":null,"numPassingAsserts":1,"retryReasons":[],"startAt":1754186713327,"status":"passed","title":"should handle null values gracefully"},{"ancestorTitles":["ChatTurnDisplay"],"duration":24,"failing":false,"failureDetails":[],"failureMessages":[],"fullName":"ChatTurnDisplay should show model name when available","invocations":1,"location":null,"numPassingAsserts":1,"retryReasons":[],"startAt":1754186713357,"status":"passed","title":"should show model name when available"},{"ancestorTitles":["ChatTurnDisplay"],"duration":25,"failing":false,"failureDetails":[],"failureMessages":[],"fullName":"ChatTurnDisplay should handle turn without model name","invocations":1,"location":null,"numPassingAsserts":2,"retryReasons":[],"startAt":1754186713382,"status":"passed","title":"should handle turn without model name"},{"ancestorTitles":["ChatTurnDisplay"],"duration":58,"failing":false,"failureDetails":[],"failureMessages":[],"fullName":"ChatTurnDisplay should display metadata when available and properties are shown","invocations":1,"location":null,"numPassingAsserts":1,"retryReasons":[],"startAt":1754186713408,"status":"passed","title":"should display metadata when available and properties are shown"},{"ancestorTitles":["ChatTurnDisplay"],"duration":57,"failing":false,"failureDetails":[],"failureMessages":[],"fullName":"ChatTurnDisplay should format completion duration correctly","invocations":1,"location":null,"numPassingAsserts":1,"retryReasons":[],"startAt":1754186713467,"status":"passed","title":"should format completion duration correctly"},{"ancestorTitles":["ChatTurnDisplay"],"duration":62,"failing":false,"failureDetails":[],"failureMessages":[],"fullName":"ChatTurnDisplay should handle incomplete turns","invocations":1,"location":null,"numPassingAsserts":1,"retryReasons":[],"startAt":1754186713525,"status":"passed","title":"should handle incomplete turns"},{"ancestorTitles":["ChatTurnDisplay"],"duration":288,"failing":false,"failureDetails":[],"failureMessages":[],"fullName":"ChatTurnDisplay should expand and collapse properties section","invocations":1,"location":null,"numPassingAsserts":3,"retryReasons":[],"startAt":1754186713588,"status":"passed","title":"should expand and collapse properties section"},{"ancestorTitles":["ChatTurnDisplay"],"duration":53,"failing":false,"failureDetails":[],"failureMessages":[],"fullName":"ChatTurnDisplay should render turn with multiple message types","invocations":1,"location":null,"numPassingAsserts":3,"retryReasons":[],"startAt":1754186713886,"status":"passed","title":"should render turn with multiple message types"},{"ancestorTitles":["ChatTurnDisplay"],"duration":83,"failing":false,"failureDetails":[],"failureMessages":[],"fullName":"ChatTurnDisplay should display proper timestamps","invocations":1,"location":null,"numPassingAsserts":2,"retryReasons":[],"startAt":1754186713940,"status":"passed","title":"should display proper timestamps"},{"ancestorTitles":["ChatTurnDisplay"],"duration":35,"failing":false,"failureDetails":[],"failureMessages":[],"fullName":"ChatTurnDisplay should handle empty messages array","invocations":1,"location":null,"numPassingAsserts":1,"retryReasons":[],"startAt":1754186714024,"status":"passed","title":"should handle empty messages array"},{"ancestorTitles":["ChatTurnDisplay"],"duration":67,"failing":false,"failureDetails":[],"failureMessages":[],"fullName":"ChatTurnDisplay should display status information when properties are shown","invocations":1,"location":null,"numPassingAsserts":1,"retryReasons":[],"startAt":1754186714060,"status":"passed","title":"should display status information when properties are shown"},{"ancestorTitles":["ChatTurnDisplay"],"duration":54,"failing":false,"failureDetails":[],"failureMessages":[],"fullName":"ChatTurnDisplay should handle warnings array properly","invocations":1,"location":null,"numPassingAsserts":3,"retryReasons":[],"startAt":1754186714127,"status":"passed","title":"should handle warnings array properly"},{"ancestorTitles":["ChatTurnDisplay"],"duration":50,"failing":false,"failureDetails":[],"failureMessages":[],"fullName":"ChatTurnDisplay should handle errors array properly","invocations":1,"location":null,"numPassingAsserts":2,"retryReasons":[],"startAt":1754186714182,"status":"passed","title":"should handle errors array properly"}],"endTime":1754186714234,"message":"","name":"C:\\Users\\seanm\\source\\repos\\titleix\\web-ui\\__tests__\\components\\chat\\chat-turn-display.test.tsx","startTime":1754186710073,"status":"passed","summary":""},{"assertionResults":[{"ancestorTitles":["Theme Integration"],"duration":41,"failing":false,"failureDetails":[],"failureMessages":[],"fullName":"Theme Integration renders ThemeSelector without crashing","invocations":1,"location":null,"numPassingAsserts":1,"retryReasons":[],"startAt":1754186717182,"status":"passed","title":"renders ThemeSelector without crashing"},{"ancestorTitles":["Theme Integration"],"duration":28,"failing":false,"failureDetails":[],"failureMessages":[],"fullName":"Theme Integration applies light theme data attribute correctly","invocations":1,"location":null,"numPassingAsserts":1,"retryReasons":[],"startAt":1754186717224,"status":"passed","title":"applies light theme data attribute correctly"},{"ancestorTitles":["Theme Integration"],"duration":23,"failing":false,"failureDetails":[],"failureMessages":[],"fullName":"Theme Integration switches to dark theme correctly","invocations":1,"location":null,"numPassingAsserts":1,"retryReasons":[],"startAt":1754186717253,"status":"passed","title":"switches to dark theme correctly"}],"endTime":1754186717278,"message":"","name":"C:\\Users\\seanm\\source\\repos\\titleix\\web-ui\\__tests__\\themes\\theme-integration.test.tsx","startTime":1754186714253,"status":"passed","summary":""},{"assertionResults":[{"ancestorTitles":["EmailViewer"],"duration":101,"failing":false,"failureDetails":[],"failureMessages":[],"fullName":"EmailViewer renders loading state initially","invocations":1,"location":null,"numPassingAsserts":2,"retryReasons":[],"startAt":1754186720340,"status":"passed","title":"renders loading state initially"},{"ancestorTitles":["EmailViewer"],"duration":338,"failing":false,"failureDetails":[],"failureMessages":[],"fullName":"EmailViewer renders with valid emailId prop","invocations":1,"location":null,"numPassingAsserts":4,"retryReasons":[],"startAt":1754186720442,"status":"passed","title":"renders with valid emailId prop"},{"ancestorTitles":["EmailViewer"],"duration":410,"failing":false,"failureDetails":[],"failureMessages":[],"fullName":"EmailViewer handles error state gracefully","invocations":1,"location":null,"numPassingAsserts":1,"retryReasons":[],"startAt":1754186720781,"status":"passed","title":"handles error state gracefully"},{"ancestorTitles":["EmailViewer"],"duration":382,"failing":false,"failureDetails":[],"failureMessages":[],"fullName":"EmailViewer handles empty email state","invocations":1,"location":null,"numPassingAsserts":1,"retryReasons":[],"startAt":1754186721192,"status":"passed","title":"handles empty email state"},{"ancestorTitles":["EmailViewer"],"duration":354,"failing":false,"failureDetails":[],"failureMessages":[],"fullName":"EmailViewer handles attachments correctly","invocations":1,"location":null,"numPassingAsserts":4,"retryReasons":[],"startAt":1754186721575,"status":"passed","title":"handles attachments correctly"}],"endTime":1754186721931,"message":"","name":"C:\\Users\\seanm\\source\\repos\\titleix\\web-ui\\__tests__\\components\\email-message\\email-viewer.test.tsx","startTime":1754186717293,"status":"passed","summary":""},{"assertionResults":[{"ancestorTitles":["ChatPanel Comprehensive Docking Tests","Float Mode"],"duration":99,"failing":false,"failureDetails":[],"failureMessages":[],"fullName":"ChatPanel Comprehensive Docking Tests Float Mode should render inline by default","invocations":1,"location":null,"numPassingAsserts":3,"retryReasons":[],"startAt":1754186722373,"status":"passed","title":"should render inline by default"},{"ancestorTitles":["ChatPanel Comprehensive Docking Tests","Float Mode"],"duration":122,"failing":false,"failureDetails":[],"failureMessages":[],"fullName":"ChatPanel Comprehensive Docking Tests Float Mode should switch to float mode when Float is selected","invocations":1,"location":null,"numPassingAsserts":2,"retryReasons":[],"startAt":1754186722473,"status":"passed","title":"should switch to float mode when Float is selected"},{"ancestorTitles":["ChatPanel Comprehensive Docking Tests","Float Mode"],"duration":133,"failing":false,"failureDetails":[],"failureMessages":[],"fullName":"ChatPanel Comprehensive Docking Tests Float Mode should handle resize in float mode","invocations":1,"location":null,"numPassingAsserts":2,"retryReasons":[],"startAt":1754186722595,"status":"passed","title":"should handle resize in float mode"},{"ancestorTitles":["ChatPanel Comprehensive Docking Tests","Float Mode"],"duration":152,"failing":false,"failureDetails":[],"failureMessages":[],"fullName":"ChatPanel Comprehensive Docking Tests Float Mode should close float mode and return to inline","invocations":1,"location":null,"numPassingAsserts":3,"retryReasons":[],"startAt":1754186722732,"status":"passed","title":"should close float mode and return to inline"},{"ancestorTitles":["ChatPanel Comprehensive Docking Tests","Dock Left"],"duration":133,"failing":false,"failureDetails":[],"failureMessages":[],"fullName":"ChatPanel Comprehensive Docking Tests Dock Left should dock to left and show placeholder","invocations":1,"location":null,"numPassingAsserts":2,"retryReasons":[],"startAt":1754186722885,"status":"passed","title":"should dock to left and show placeholder"},{"ancestorTitles":["ChatPanel Comprehensive Docking Tests","Dock Left"],"duration":114,"failing":false,"failureDetails":[],"failureMessages":[],"fullName":"ChatPanel Comprehensive Docking Tests Dock Left should adjust layout when docked left","invocations":1,"location":null,"numPassingAsserts":3,"retryReasons":[],"startAt":1754186723019,"status":"passed","title":"should adjust layout when docked left"},{"ancestorTitles":["ChatPanel Comprehensive Docking Tests","Dock Left"],"duration":120,"failing":false,"failureDetails":[],"failureMessages":[],"fullName":"ChatPanel Comprehensive Docking Tests Dock Left should show docked panel with chat content","invocations":1,"location":null,"numPassingAsserts":2,"retryReasons":[],"startAt":1754186723133,"status":"passed","title":"should show docked panel with chat content"},{"ancestorTitles":["ChatPanel Comprehensive Docking Tests","Dock Right"],"duration":123,"failing":false,"failureDetails":[],"failureMessages":[],"fullName":"ChatPanel Comprehensive Docking Tests Dock Right should dock to right and position correctly","invocations":1,"location":null,"numPassingAsserts":1,"retryReasons":[],"startAt":1754186723254,"status":"passed","title":"should dock to right and position correctly"},{"ancestorTitles":["ChatPanel Comprehensive Docking Tests","Dock Right"],"duration":146,"failing":false,"failureDetails":[],"failureMessages":[],"fullName":"ChatPanel Comprehensive Docking Tests Dock Right should handle resizing when docked right","invocations":1,"location":null,"numPassingAsserts":2,"retryReasons":[],"startAt":1754186723378,"status":"passed","title":"should handle resizing when docked right"},{"ancestorTitles":["ChatPanel Comprehensive Docking Tests","Dock Top"],"duration":116,"failing":false,"failureDetails":[],"failureMessages":[],"fullName":"ChatPanel Comprehensive Docking Tests Dock Top should dock to top edge correctly","invocations":1,"location":null,"numPassingAsserts":1,"retryReasons":[],"startAt":1754186723525,"status":"passed","title":"should dock to top edge correctly"},{"ancestorTitles":["ChatPanel Comprehensive Docking Tests","Dock Top"],"duration":110,"failing":false,"failureDetails":[],"failureMessages":[],"fullName":"ChatPanel Comprehensive Docking Tests Dock Top should not cause viewport overflow when docked top","invocations":1,"location":null,"numPassingAsserts":2,"retryReasons":[],"startAt":1754186723642,"status":"passed","title":"should not cause viewport overflow when docked top"},{"ancestorTitles":["ChatPanel Comprehensive Docking Tests","Dock Bottom"],"duration":110,"failing":false,"failureDetails":[],"failureMessages":[],"fullName":"ChatPanel Comprehensive Docking Tests Dock Bottom should dock to bottom edge correctly","invocations":1,"location":null,"numPassingAsserts":1,"retryReasons":[],"startAt":1754186723753,"status":"passed","title":"should dock to bottom edge correctly"},{"ancestorTitles":["ChatPanel Comprehensive Docking Tests","Dock Bottom"],"duration":112,"failing":false,"failureDetails":[],"failureMessages":[],"fullName":"ChatPanel Comprehensive Docking Tests Dock Bottom should maintain proper height constraints when docked bottom","invocations":1,"location":null,"numPassingAsserts":2,"retryReasons":[],"startAt":1754186723864,"status":"passed","title":"should maintain proper height constraints when docked bottom"},{"ancestorTitles":["ChatPanel Comprehensive Docking Tests","Undocking"],"duration":118,"failing":false,"failureDetails":[],"failureMessages":[],"fullName":"ChatPanel Comprehensive Docking Tests Undocking should undock from any docked position back to inline","invocations":1,"location":null,"numPassingAsserts":1,"retryReasons":[],"startAt":1754186723977,"status":"passed","title":"should undock from any docked position back to inline"},{"ancestorTitles":["ChatPanel Comprehensive Docking Tests","Dashboard Layout Integration"],"duration":122,"failing":false,"failureDetails":[],"failureMessages":[],"fullName":"ChatPanel Comprehensive Docking Tests Dashboard Layout Integration should handle dashboard layout with proper spacing","invocations":1,"location":null,"numPassingAsserts":2,"retryReasons":[],"startAt":1754186724096,"status":"passed","title":"should handle dashboard layout with proper spacing"},{"ancestorTitles":["ChatPanel Comprehensive Docking Tests","Dashboard Layout Integration"],"duration":516,"failing":false,"failureDetails":[],"failureMessages":[],"fullName":"ChatPanel Comprehensive Docking Tests Dashboard Layout Integration should handle all docking positions in dashboard layout","invocations":1,"location":null,"numPassingAsserts":4,"retryReasons":[],"startAt":1754186724219,"status":"passed","title":"should handle all docking positions in dashboard layout"},{"ancestorTitles":["ChatPanel Comprehensive Docking Tests","State Persistence"],"duration":117,"failing":false,"failureDetails":[],"failureMessages":[],"fullName":"ChatPanel Comprehensive Docking Tests State Persistence should persist docking state in localStorage","invocations":1,"location":null,"numPassingAsserts":2,"retryReasons":[],"startAt":1754186724736,"status":"passed","title":"should persist docking state in localStorage"},{"ancestorTitles":["ChatPanel Comprehensive Docking Tests","State Persistence"],"duration":57,"failing":false,"failureDetails":[],"failureMessages":[],"fullName":"ChatPanel Comprehensive Docking Tests State Persistence should restore docking state on component mount","invocations":1,"location":null,"numPassingAsserts":1,"retryReasons":[],"startAt":1754186724854,"status":"passed","title":"should restore docking state on component mount"},{"ancestorTitles":["ChatPanel Comprehensive Docking Tests","Responsive Behavior"],"duration":115,"failing":false,"failureDetails":[],"failureMessages":[],"fullName":"ChatPanel Comprehensive Docking Tests Responsive Behavior should handle window resize events","invocations":1,"location":null,"numPassingAsserts":2,"retryReasons":[],"startAt":1754186724912,"status":"passed","title":"should handle window resize events"},{"ancestorTitles":["ChatPanel Comprehensive Docking Tests","Responsive Behavior"],"duration":109,"failing":false,"failureDetails":[],"failureMessages":[],"fullName":"ChatPanel Comprehensive Docking Tests Responsive Behavior should maintain proper constraints on small screens","invocations":1,"location":null,"numPassingAsserts":2,"retryReasons":[],"startAt":1754186725028,"status":"passed","title":"should maintain proper constraints on small screens"}],"endTime":1754186725140,"message":"","name":"C:\\Users\\seanm\\source\\repos\\titleix\\web-ui\\__tests__\\components\\ai\\chat-panel\\chat-panel-comprehensive-docking.test.tsx","startTime":1754186721946,"status":"passed","summary":""},{"assertionResults":[{"ancestorTitles":["searchPolicyStore"],"duration":3,"failing":false,"failureDetails":[],"failureMessages":[],"fullName":"searchPolicyStore should call HybridPolicySearch.hybridSearch with the correct arguments and log the call","invocations":1,"location":null,"numPassingAsserts":4,"retryReasons":[],"startAt":1754186725656,"status":"passed","title":"should call HybridPolicySearch.hybridSearch with the correct arguments and log the call"},{"ancestorTitles":["searchPolicyStore"],"duration":2,"failing":false,"failureDetails":[],"failureMessages":[],"fullName":"searchPolicyStore should throw a LoggedError if HybridPolicySearch.hybridSearch throws","invocations":1,"location":null,"numPassingAsserts":2,"retryReasons":[],"startAt":1754186725659,"status":"passed","title":"should throw a LoggedError if HybridPolicySearch.hybridSearch throws"}],"endTime":1754186725662,"message":"","name":"C:\\Users\\seanm\\source\\repos\\titleix\\web-ui\\__tests__\\lib\\ai\\tools\\searchPolicyStore.test.ts","startTime":1754186725164,"status":"passed","summary":""},{"assertionResults":[{"ancestorTitles":["DefaultImportManager","runImportStage"],"duration":8,"failing":false,"failureDetails":[],"failureMessages":[],"fullName":"DefaultImportManager runImportStage should run the import stage and return the import source message","invocations":1,"location":null,"numPassingAsserts":1,"retryReasons":[],"startAt":1754186726298,"status":"passed","title":"should run the import stage and return the import source message"},{"ancestorTitles":["DefaultImportManager","importEmail"],"duration":3,"failing":false,"failureDetails":[],"failureMessages":[],"fullName":"DefaultImportManager importEmail should import the email and return success","invocations":1,"location":null,"numPassingAsserts":1,"retryReasons":[],"startAt":1754186726307,"status":"passed","title":"should import the email and return success"},{"ancestorTitles":["DefaultImportManager","importEmail"],"duration":8,"failing":false,"failureDetails":[],"failureMessages":[],"fullName":"DefaultImportManager importEmail should handle errors and return failure","invocations":1,"location":null,"numPassingAsserts":1,"retryReasons":[],"startAt":1754186726310,"status":"passed","title":"should handle errors and return failure"}],"endTime":1754186726319,"message":"","name":"C:\\Users\\seanm\\source\\repos\\titleix\\web-ui\\__tests__\\lib\\email\\import\\importmanager.test.ts","startTime":1754186725694,"status":"passed","summary":""},{"assertionResults":[{"ancestorTitles":["EmailDashboardLayout","Component Rendering"],"duration":90,"failing":false,"failureDetails":[],"failureMessages":[],"fullName":"EmailDashboardLayout Component Rendering should render without crashing","invocations":1,"location":null,"numPassingAsserts":3,"retryReasons":[],"startAt":1754186726936,"status":"passed","title":"should render without crashing"},{"ancestorTitles":["EmailDashboardLayout","Component Rendering"],"duration":34,"failing":false,"failureDetails":[],"failureMessages":[],"fullName":"EmailDashboardLayout Component Rendering should render children content","invocations":1,"location":null,"numPassingAsserts":2,"retryReasons":[],"startAt":1754186727026,"status":"passed","title":"should render children content"},{"ancestorTitles":["EmailDashboardLayout","Component Rendering"],"duration":31,"failing":false,"failureDetails":[],"failureMessages":[],"fullName":"EmailDashboardLayout Component Rendering should wrap content in EmailContextProvider","invocations":1,"location":null,"numPassingAsserts":1,"retryReasons":[],"startAt":1754186727061,"status":"passed","title":"should wrap content in EmailContextProvider"},{"ancestorTitles":["EmailDashboardLayout","Session Handling"],"duration":31,"failing":false,"failureDetails":[],"failureMessages":[],"fullName":"EmailDashboardLayout Session Handling should pass authenticated session to NextAppProvider","invocations":1,"location":null,"numPassingAsserts":1,"retryReasons":[],"startAt":1754186727093,"status":"passed","title":"should pass authenticated session to NextAppProvider"},{"ancestorTitles":["EmailDashboardLayout","Session Handling"],"duration":27,"failing":false,"failureDetails":[],"failureMessages":[],"fullName":"EmailDashboardLayout Session Handling should handle null session","invocations":1,"location":null,"numPassingAsserts":1,"retryReasons":[],"startAt":1754186727125,"status":"passed","title":"should handle null session"},{"ancestorTitles":["EmailDashboardLayout","Navigation Generation"],"duration":35,"failing":false,"failureDetails":[],"failureMessages":[],"fullName":"EmailDashboardLayout Navigation Generation should generate navigation with email ID","invocations":1,"location":null,"numPassingAsserts":2,"retryReasons":[],"startAt":1754186727153,"status":"passed","title":"should generate navigation with email ID"},{"ancestorTitles":["EmailDashboardLayout","Navigation Generation"],"duration":32,"failing":false,"failureDetails":[],"failureMessages":[],"fullName":"EmailDashboardLayout Navigation Generation should generate navigation without email ID","invocations":1,"location":null,"numPassingAsserts":1,"retryReasons":[],"startAt":1754186727189,"status":"passed","title":"should generate navigation without email ID"},{"ancestorTitles":["EmailDashboardLayout","Navigation Generation"],"duration":30,"failing":false,"failureDetails":[],"failureMessages":[],"fullName":"EmailDashboardLayout Navigation Generation should include standard navigation items","invocations":1,"location":null,"numPassingAsserts":1,"retryReasons":[],"startAt":1754186727222,"status":"passed","title":"should include standard navigation items"},{"ancestorTitles":["EmailDashboardLayout","Branding Integration"],"duration":28,"failing":false,"failureDetails":[],"failureMessages":[],"fullName":"EmailDashboardLayout Branding Integration should apply correct branding configuration","invocations":1,"location":null,"numPassingAsserts":1,"retryReasons":[],"startAt":1754186727253,"status":"passed","title":"should apply correct branding configuration"},{"ancestorTitles":["EmailDashboardLayout","Dashboard Layout Configuration"],"duration":28,"failing":false,"failureDetails":[],"failureMessages":[],"fullName":"EmailDashboardLayout Dashboard Layout Configuration should configure toolbar actions slot","invocations":1,"location":null,"numPassingAsserts":2,"retryReasons":[],"startAt":1754186727284,"status":"passed","title":"should configure toolbar actions slot"},{"ancestorTitles":["EmailDashboardLayout","Dashboard Layout Configuration"],"duration":34,"failing":false,"failureDetails":[],"failureMessages":[],"fullName":"EmailDashboardLayout Dashboard Layout Configuration should provide custom renderPageItem function","invocations":1,"location":null,"numPassingAsserts":1,"retryReasons":[],"startAt":1754186727313,"status":"passed","title":"should provide custom renderPageItem function"},{"ancestorTitles":["EmailDashboardLayout","Custom Page Item Rendering"],"duration":29,"failing":false,"failureDetails":[],"failureMessages":[],"fullName":"EmailDashboardLayout Custom Page Item Rendering should render CustomEmailPageItem for View Email items","invocations":1,"location":null,"numPassingAsserts":1,"retryReasons":[],"startAt":1754186727348,"status":"passed","title":"should render CustomEmailPageItem for View Email items"},{"ancestorTitles":["EmailDashboardLayout","Custom Page Item Rendering"],"duration":31,"failing":false,"failureDetails":[],"failureMessages":[],"fullName":"EmailDashboardLayout Custom Page Item Rendering should handle mini sidebar mode","invocations":1,"location":null,"numPassingAsserts":1,"retryReasons":[],"startAt":1754186727378,"status":"passed","title":"should handle mini sidebar mode"},{"ancestorTitles":["EmailDashboardLayout","Theme Integration"],"duration":31,"failing":false,"failureDetails":[],"failureMessages":[],"fullName":"EmailDashboardLayout Theme Integration should integrate with theme provider","invocations":1,"location":null,"numPassingAsserts":1,"retryReasons":[],"startAt":1754186727409,"status":"passed","title":"should integrate with theme provider"},{"ancestorTitles":["EmailDashboardLayout","URL Parameters Integration"],"duration":39,"failing":false,"failureDetails":[],"failureMessages":[],"fullName":"EmailDashboardLayout URL Parameters Integration should use emailId from URL parameters","invocations":1,"location":null,"numPassingAsserts":1,"retryReasons":[],"startAt":1754186727441,"status":"passed","title":"should use emailId from URL parameters"},{"ancestorTitles":["EmailDashboardLayout","URL Parameters Integration"],"duration":31,"failing":false,"failureDetails":[],"failureMessages":[],"fullName":"EmailDashboardLayout URL Parameters Integration should handle missing emailId parameter","invocations":1,"location":null,"numPassingAsserts":1,"retryReasons":[],"startAt":1754186727481,"status":"passed","title":"should handle missing emailId parameter"},{"ancestorTitles":["EmailDashboardLayout","Navigation Items Structure"],"duration":31,"failing":false,"failureDetails":[],"failureMessages":[],"fullName":"EmailDashboardLayout Navigation Items Structure should include List Emails navigation","invocations":1,"location":null,"numPassingAsserts":1,"retryReasons":[],"startAt":1754186727513,"status":"passed","title":"should include List Emails navigation"},{"ancestorTitles":["EmailDashboardLayout","Navigation Items Structure"],"duration":27,"failing":false,"failureDetails":[],"failureMessages":[],"fullName":"EmailDashboardLayout Navigation Items Structure should include Import Emails navigation","invocations":1,"location":null,"numPassingAsserts":1,"retryReasons":[],"startAt":1754186727544,"status":"passed","title":"should include Import Emails navigation"},{"ancestorTitles":["EmailDashboardLayout","Navigation Items Structure"],"duration":33,"failing":false,"failureDetails":[],"failureMessages":[],"fullName":"EmailDashboardLayout Navigation Items Structure should conditionally include View Email navigation when emailId exists","invocations":1,"location":null,"numPassingAsserts":1,"retryReasons":[],"startAt":1754186727572,"status":"passed","title":"should conditionally include View Email navigation when emailId exists"},{"ancestorTitles":["EmailDashboardLayout","Navigation Items Structure"],"duration":27,"failing":false,"failureDetails":[],"failureMessages":[],"fullName":"EmailDashboardLayout Navigation Items Structure should exclude View Email navigation when emailId is missing","invocations":1,"location":null,"numPassingAsserts":1,"retryReasons":[],"startAt":1754186727606,"status":"passed","title":"should exclude View Email navigation when emailId is missing"},{"ancestorTitles":["EmailDashboardLayout","Memoization and Performance"],"duration":38,"failing":false,"failureDetails":[],"failureMessages":[],"fullName":"EmailDashboardLayout Memoization and Performance should memoize navigation based on emailId","invocations":1,"location":null,"numPassingAsserts":1,"retryReasons":[],"startAt":1754186727634,"status":"passed","title":"should memoize navigation based on emailId"},{"ancestorTitles":["EmailDashboardLayout","Memoization and Performance"],"duration":36,"failing":false,"failureDetails":[],"failureMessages":[],"fullName":"EmailDashboardLayout Memoization and Performance should update navigation when emailId changes","invocations":1,"location":null,"numPassingAsserts":1,"retryReasons":[],"startAt":1754186727673,"status":"passed","title":"should update navigation when emailId changes"},{"ancestorTitles":["EmailDashboardLayout","Error Handling"],"duration":25,"failing":false,"failureDetails":[],"failureMessages":[],"fullName":"EmailDashboardLayout Error Handling should handle rendering errors gracefully","invocations":1,"location":null,"numPassingAsserts":1,"retryReasons":[],"startAt":1754186727710,"status":"passed","title":"should handle rendering errors gracefully"},{"ancestorTitles":["EmailDashboardLayout","Error Handling"],"duration":29,"failing":false,"failureDetails":[],"failureMessages":[],"fullName":"EmailDashboardLayout Error Handling should handle invalid session data","invocations":1,"location":null,"numPassingAsserts":1,"retryReasons":[],"startAt":1754186727736,"status":"passed","title":"should handle invalid session data"},{"ancestorTitles":["EmailDashboardLayout","Integration with Provider Components"],"duration":32,"failing":false,"failureDetails":[],"failureMessages":[],"fullName":"EmailDashboardLayout Integration with Provider Components should nest providers in correct order","invocations":1,"location":null,"numPassingAsserts":5,"retryReasons":[],"startAt":1754186727766,"status":"passed","title":"should nest providers in correct order"}],"endTime":1754186727799,"message":"","name":"C:\\Users\\seanm\\source\\repos\\titleix\\web-ui\\__tests__\\components\\email-message\\dashboard-layout\\email-dashboard-layout.test.tsx","startTime":1754186726338,"status":"passed","summary":""},{"assertionResults":[{"ancestorTitles":["ResizableDraggableDialog + ResizeableDraggablePaper Integration","Basic Integration"],"duration":98,"failing":false,"failureDetails":[],"failureMessages":[],"fullName":"ResizableDraggableDialog + ResizeableDraggablePaper Integration Basic Integration renders dialog with paper component and all expected elements","invocations":1,"location":null,"numPassingAsserts":6,"retryReasons":[],"startAt":1754186728224,"status":"passed","title":"renders dialog with paper component and all expected elements"},{"ancestorTitles":["ResizableDraggableDialog + ResizeableDraggablePaper Integration","Basic Integration"],"duration":297,"failing":false,"failureDetails":[],"failureMessages":[],"fullName":"ResizableDraggableDialog + ResizeableDraggablePaper Integration Basic Integration opens and closes dialog correctly","invocations":1,"location":null,"numPassingAsserts":3,"retryReasons":[],"startAt":1754186728323,"status":"passed","title":"opens and closes dialog correctly"},{"ancestorTitles":["ResizableDraggableDialog + ResizeableDraggablePaper Integration","Size Management Integration"],"duration":43,"failing":false,"failureDetails":[],"failureMessages":[],"fullName":"ResizableDraggableDialog + ResizeableDraggablePaper Integration Size Management Integration initializes with correct default dimensions","invocations":1,"location":null,"numPassingAsserts":2,"retryReasons":[],"startAt":1754186728621,"status":"passed","title":"initializes with correct default dimensions"},{"ancestorTitles":["ResizableDraggableDialog + ResizeableDraggablePaper Integration","Size Management Integration"],"duration":43,"failing":false,"failureDetails":[],"failureMessages":[],"fullName":"ResizableDraggableDialog + ResizeableDraggablePaper Integration Size Management Integration applies custom initial dimensions","invocations":1,"location":null,"numPassingAsserts":2,"retryReasons":[],"startAt":1754186728665,"status":"passed","title":"applies custom initial dimensions"},{"ancestorTitles":["ResizableDraggableDialog + ResizeableDraggablePaper Integration","Modal vs Non-Modal Behavior"],"duration":51,"failing":false,"failureDetails":[],"failureMessages":[],"fullName":"ResizableDraggableDialog + ResizeableDraggablePaper Integration Modal vs Non-Modal Behavior behaves as non-modal by default","invocations":1,"location":null,"numPassingAsserts":2,"retryReasons":[],"startAt":1754186728709,"status":"passed","title":"behaves as non-modal by default"},{"ancestorTitles":["ResizableDraggableDialog + ResizeableDraggablePaper Integration","Modal vs Non-Modal Behavior"],"duration":70,"failing":false,"failureDetails":[],"failureMessages":[],"fullName":"ResizableDraggableDialog + ResizeableDraggablePaper Integration Modal vs Non-Modal Behavior behaves as modal when modal=true","invocations":1,"location":null,"numPassingAsserts":2,"retryReasons":[],"startAt":1754186728760,"status":"passed","title":"behaves as modal when modal=true"},{"ancestorTitles":["ResizableDraggableDialog + ResizeableDraggablePaper Integration","Error Handling Integration"],"duration":50,"failing":false,"failureDetails":[],"failureMessages":[],"fullName":"ResizableDraggableDialog + ResizeableDraggablePaper Integration Error Handling Integration handles missing dialog element gracefully during keyboard drag","invocations":1,"location":null,"numPassingAsserts":2,"retryReasons":[],"startAt":1754186728831,"status":"passed","title":"handles missing dialog element gracefully during keyboard drag"},{"ancestorTitles":["ResizableDraggableDialog + ResizeableDraggablePaper Integration","Accessibility Integration"],"duration":57,"failing":false,"failureDetails":[],"failureMessages":[],"fullName":"ResizableDraggableDialog + ResizeableDraggablePaper Integration Accessibility Integration maintains proper ARIA relationships between components","invocations":1,"location":null,"numPassingAsserts":4,"retryReasons":[],"startAt":1754186728882,"status":"passed","title":"maintains proper ARIA relationships between components"},{"ancestorTitles":["ResizableDraggableDialog + ResizeableDraggablePaper Integration","Accessibility Integration"],"duration":54,"failing":false,"failureDetails":[],"failureMessages":[],"fullName":"ResizableDraggableDialog + ResizeableDraggablePaper Integration Accessibility Integration supports keyboard navigation focus flow","invocations":1,"location":null,"numPassingAsserts":3,"retryReasons":[],"startAt":1754186728940,"status":"passed","title":"supports keyboard navigation focus flow"},{"ancestorTitles":["ResizableDraggableDialog + ResizeableDraggablePaper Integration","Dialog Actions Integration"],"duration":45,"failing":false,"failureDetails":[],"failureMessages":[],"fullName":"ResizableDraggableDialog + ResizeableDraggablePaper Integration Dialog Actions Integration renders dialog actions when provided","invocations":1,"location":null,"numPassingAsserts":4,"retryReasons":[],"startAt":1754186728995,"status":"passed","title":"renders dialog actions when provided"},{"ancestorTitles":["ResizableDraggableDialog + ResizeableDraggablePaper Integration","Custom Props Integration"],"duration":59,"failing":false,"failureDetails":[],"failureMessages":[],"fullName":"ResizableDraggableDialog + ResizeableDraggablePaper Integration Custom Props Integration passes basic paper props through to the paper component","invocations":1,"location":null,"numPassingAsserts":2,"retryReasons":[],"startAt":1754186729041,"status":"passed","title":"passes basic paper props through to the paper component"},{"ancestorTitles":["ResizableDraggableDialog + ResizeableDraggablePaper Integration","Custom Props Integration"],"duration":75,"failing":false,"failureDetails":[],"failureMessages":[],"fullName":"ResizableDraggableDialog + ResizeableDraggablePaper Integration Custom Props Integration handles custom onClose handler","invocations":1,"location":null,"numPassingAsserts":2,"retryReasons":[],"startAt":1754186729101,"status":"passed","title":"handles custom onClose handler"},{"ancestorTitles":["ResizableDraggableDialog + ResizeableDraggablePaper Integration","Constraint Integration"],"duration":51,"failing":false,"failureDetails":[],"failureMessages":[],"fullName":"ResizableDraggableDialog + ResizeableDraggablePaper Integration Constraint Integration respects custom size constraints","invocations":1,"location":null,"numPassingAsserts":2,"retryReasons":[],"startAt":1754186729177,"status":"passed","title":"respects custom size constraints"}],"endTime":1754186729230,"message":"","name":"C:\\Users\\seanm\\source\\repos\\titleix\\web-ui\\__tests__\\components\\mui\\resizeable-draggable-dialog\\integration.test.tsx","startTime":1754186727823,"status":"passed","summary":""},{"assertionResults":[{"ancestorTitles":["EmailHeaderPanel"],"duration":31,"failing":false,"failureDetails":[],"failureMessages":[],"fullName":"EmailHeaderPanel renders email header details correctly","invocations":1,"location":null,"numPassingAsserts":2,"retryReasons":[],"startAt":1754186730127,"status":"passed","title":"renders email header details correctly"},{"ancestorTitles":["EmailHeaderPanel"],"duration":23,"failing":false,"failureDetails":[],"failureMessages":[],"fullName":"EmailHeaderPanel displays header name and value","invocations":1,"location":null,"numPassingAsserts":2,"retryReasons":[],"startAt":1754186730159,"status":"passed","title":"displays header name and value"},{"ancestorTitles":["EmailHeaderPanel"],"duration":26,"failing":false,"failureDetails":[],"failureMessages":[],"fullName":"EmailHeaderPanel displays formatted creation date","invocations":1,"location":null,"numPassingAsserts":1,"retryReasons":[],"startAt":1754186730183,"status":"passed","title":"displays formatted creation date"},{"ancestorTitles":["EmailHeaderPanel"],"duration":19,"failing":false,"failureDetails":[],"failureMessages":[],"fullName":"EmailHeaderPanel displays category information","invocations":1,"location":null,"numPassingAsserts":1,"retryReasons":[],"startAt":1754186730210,"status":"passed","title":"displays category information"},{"ancestorTitles":["EmailHeaderPanel"],"duration":21,"failing":false,"failureDetails":[],"failureMessages":[],"fullName":"EmailHeaderPanel displays property ID and document ID in metadata","invocations":1,"location":null,"numPassingAsserts":2,"retryReasons":[],"startAt":1754186730230,"status":"passed","title":"displays property ID and document ID in metadata"},{"ancestorTitles":["EmailHeaderPanel"],"duration":24,"failing":false,"failureDetails":[],"failureMessages":[],"fullName":"EmailHeaderPanel displays policy basis and tags in metadata","invocations":1,"location":null,"numPassingAsserts":2,"retryReasons":[],"startAt":1754186730252,"status":"passed","title":"displays policy basis and tags in metadata"},{"ancestorTitles":["EmailHeaderPanel"],"duration":21,"failing":false,"failureDetails":[],"failureMessages":[],"fullName":"EmailHeaderPanel shows email address interpretation for From header","invocations":1,"location":null,"numPassingAsserts":1,"retryReasons":[],"startAt":1754186730277,"status":"passed","title":"shows email address interpretation for From header"},{"ancestorTitles":["EmailHeaderPanel"],"duration":21,"failing":false,"failureDetails":[],"failureMessages":[],"fullName":"EmailHeaderPanel shows email address interpretation for To header","invocations":1,"location":null,"numPassingAsserts":1,"retryReasons":[],"startAt":1754186730299,"status":"passed","title":"shows email address interpretation for To header"},{"ancestorTitles":["EmailHeaderPanel"],"duration":27,"failing":false,"failureDetails":[],"failureMessages":[],"fullName":"EmailHeaderPanel shows email address interpretation for Cc header","invocations":1,"location":null,"numPassingAsserts":1,"retryReasons":[],"startAt":1754186730321,"status":"passed","title":"shows email address interpretation for Cc header"},{"ancestorTitles":["EmailHeaderPanel"],"duration":21,"failing":false,"failureDetails":[],"failureMessages":[],"fullName":"EmailHeaderPanel does not show email interpretation for other header types","invocations":1,"location":null,"numPassingAsserts":1,"retryReasons":[],"startAt":1754186730349,"status":"passed","title":"does not show email interpretation for other header types"},{"ancestorTitles":["EmailHeaderPanel"],"duration":22,"failing":false,"failureDetails":[],"failureMessages":[],"fullName":"EmailHeaderPanel handles missing optional fields gracefully","invocations":1,"location":null,"numPassingAsserts":4,"retryReasons":[],"startAt":1754186730370,"status":"passed","title":"handles missing optional fields gracefully"},{"ancestorTitles":["EmailHeaderPanel"],"duration":37,"failing":false,"failureDetails":[],"failureMessages":[],"fullName":"EmailHeaderPanel handles long header values with word break","invocations":1,"location":null,"numPassingAsserts":2,"retryReasons":[],"startAt":1754186730393,"status":"passed","title":"handles long header values with word break"},{"ancestorTitles":["EmailHeaderPanel"],"duration":26,"failing":false,"failureDetails":[],"failureMessages":[],"fullName":"EmailHeaderPanel handles missing creation date","invocations":1,"location":null,"numPassingAsserts":1,"retryReasons":[],"startAt":1754186730431,"status":"passed","title":"handles missing creation date"},{"ancestorTitles":["EmailHeaderPanel"],"duration":21,"failing":false,"failureDetails":[],"failureMessages":[],"fullName":"EmailHeaderPanel handles empty policy basis and tags arrays","invocations":1,"location":null,"numPassingAsserts":2,"retryReasons":[],"startAt":1754186730457,"status":"passed","title":"handles empty policy basis and tags arrays"}],"endTime":1754186730480,"message":"","name":"C:\\Users\\seanm\\source\\repos\\titleix\\web-ui\\__tests__\\app\\messages\\email\\emailId\\email-header-panel.test.tsx","startTime":1754186729247,"status":"passed","summary":""},{"assertionResults":[{"ancestorTitles":["CallToActionPanel"],"duration":100,"failing":false,"failureDetails":[],"failureMessages":[],"fullName":"CallToActionPanel renders call to action details correctly","invocations":1,"location":null,"numPassingAsserts":3,"retryReasons":[],"startAt":1754186731164,"status":"passed","title":"renders call to action details correctly"},{"ancestorTitles":["CallToActionPanel"],"duration":50,"failing":false,"failureDetails":[],"failureMessages":[],"fullName":"CallToActionPanel displays progress bar with correct value","invocations":1,"location":null,"numPassingAsserts":1,"retryReasons":[],"startAt":1754186731265,"status":"passed","title":"displays progress bar with correct value"},{"ancestorTitles":["CallToActionPanel"],"duration":57,"failing":false,"failureDetails":[],"failureMessages":[],"fullName":"CallToActionPanel shows status chips correctly","invocations":1,"location":null,"numPassingAsserts":2,"retryReasons":[],"startAt":1754186731316,"status":"passed","title":"shows status chips correctly"},{"ancestorTitles":["CallToActionPanel"],"duration":59,"failing":false,"failureDetails":[],"failureMessages":[],"fullName":"CallToActionPanel shows rating scores","invocations":1,"location":null,"numPassingAsserts":4,"retryReasons":[],"startAt":1754186731374,"status":"passed","title":"shows rating scores"},{"ancestorTitles":["CallToActionPanel"],"duration":61,"failing":false,"failureDetails":[],"failureMessages":[],"fullName":"CallToActionPanel displays policy basis and tags in metadata","invocations":1,"location":null,"numPassingAsserts":4,"retryReasons":[],"startAt":1754186731434,"status":"passed","title":"displays policy basis and tags in metadata"},{"ancestorTitles":["CallToActionPanel"],"duration":77,"failing":false,"failureDetails":[],"failureMessages":[],"fullName":"CallToActionPanel fetches and displays related responsive actions","invocations":1,"location":null,"numPassingAsserts":2,"retryReasons":[],"startAt":1754186731496,"status":"passed","title":"fetches and displays related responsive actions"},{"ancestorTitles":["CallToActionPanel"],"duration":50,"failing":false,"failureDetails":[],"failureMessages":[],"fullName":"CallToActionPanel shows loading state while fetching related actions","invocations":1,"location":null,"numPassingAsserts":1,"retryReasons":[],"startAt":1754186731574,"status":"passed","title":"shows loading state while fetching related actions"},{"ancestorTitles":["CallToActionPanel"],"duration":57,"failing":false,"failureDetails":[],"failureMessages":[],"fullName":"CallToActionPanel handles API error gracefully","invocations":1,"location":null,"numPassingAsserts":1,"retryReasons":[],"startAt":1754186731625,"status":"passed","title":"handles API error gracefully"},{"ancestorTitles":["CallToActionPanel"],"duration":75,"failing":false,"failureDetails":[],"failureMessages":[],"fullName":"CallToActionPanel displays closure actions when available","invocations":1,"location":null,"numPassingAsserts":2,"retryReasons":[],"startAt":1754186731683,"status":"passed","title":"displays closure actions when available"},{"ancestorTitles":["CallToActionPanel"],"duration":55,"failing":false,"failureDetails":[],"failureMessages":[],"fullName":"CallToActionPanel displays reasoning sections when available","invocations":1,"location":null,"numPassingAsserts":3,"retryReasons":[],"startAt":1754186731759,"status":"passed","title":"displays reasoning sections when available"}],"endTime":1754186731816,"message":"","name":"C:\\Users\\seanm\\source\\repos\\titleix\\web-ui\\__tests__\\app\\messages\\email\\emailId\\call-to-action-panel.test.tsx","startTime":1754186730503,"status":"passed","summary":""},{"assertionResults":[{"ancestorTitles":["useDataSource"],"duration":14,"failing":false,"failureDetails":[],"failureMessages":[],"fullName":"useDataSource should initialize with default state","invocations":1,"location":null,"numPassingAsserts":3,"retryReasons":[],"startAt":1754186732412,"status":"passed","title":"should initialize with default state"},{"ancestorTitles":["useDataSource"],"duration":18,"failing":false,"failureDetails":[],"failureMessages":[],"fullName":"useDataSource should update row via PUT request","invocations":1,"location":null,"numPassingAsserts":2,"retryReasons":[],"startAt":1754186732427,"status":"passed","title":"should update row via PUT request"},{"ancestorTitles":["useDataSource"],"duration":53,"failing":false,"failureDetails":[],"failureMessages":[],"fullName":"useDataSource should build query parameters correctly","invocations":1,"location":null,"numPassingAsserts":1,"retryReasons":[],"startAt":1754186732446,"status":"passed","title":"should build query parameters correctly"}],"endTime":1754186732500,"message":"","name":"C:\\Users\\seanm\\source\\repos\\titleix\\web-ui\\__tests__\\lib\\components\\mui\\data-grid\\useDataSourceQuery.test.ts","startTime":1754186731831,"status":"passed","summary":""},{"assertionResults":[{"ancestorTitles":["ChatPanel Docking Functionality"],"duration":138,"failing":false,"failureDetails":[],"failureMessages":[],"fullName":"ChatPanel Docking Functionality shows docking options in menu","invocations":1,"location":null,"numPassingAsserts":4,"retryReasons":[],"startAt":1754186732904,"status":"passed","title":"shows docking options in menu"},{"ancestorTitles":["ChatPanel Docking Functionality"],"duration":109,"failing":false,"failureDetails":[],"failureMessages":[],"fullName":"ChatPanel Docking Functionality shows placeholder when docked to left","invocations":1,"location":null,"numPassingAsserts":1,"retryReasons":[],"startAt":1754186733043,"status":"passed","title":"shows placeholder when docked to left"},{"ancestorTitles":["ChatPanel Docking Functionality"],"duration":40,"failing":false,"failureDetails":[],"failureMessages":[],"fullName":"ChatPanel Docking Functionality handles dashboard layout flag","invocations":1,"location":null,"numPassingAsserts":1,"retryReasons":[],"startAt":1754186733153,"status":"passed","title":"handles dashboard layout flag"},{"ancestorTitles":["ChatPanel Docking Functionality"],"duration":146,"failing":false,"failureDetails":[],"failureMessages":[],"fullName":"ChatPanel Docking Functionality preserves current position in menu selection","invocations":1,"location":null,"numPassingAsserts":1,"retryReasons":[],"startAt":1754186733194,"status":"passed","title":"preserves current position in menu selection"},{"ancestorTitles":["ChatPanel Docking Functionality"],"duration":118,"failing":false,"failureDetails":[],"failureMessages":[],"fullName":"ChatPanel Docking Functionality can undock from docked state","invocations":1,"location":null,"numPassingAsserts":1,"retryReasons":[],"startAt":1754186733341,"status":"passed","title":"can undock from docked state"}],"endTime":1754186733461,"message":"","name":"C:\\Users\\seanm\\source\\repos\\titleix\\web-ui\\__tests__\\components\\ai\\chat-panel\\chat-panel-dock.test.tsx","startTime":1754186732512,"status":"passed","summary":""},{"assertionResults":[{"ancestorTitles":["buildDrizzleAttachmentOrEmailFilter","Basic functionality"],"duration":3,"failing":false,"failureDetails":[],"failureMessages":[],"fullName":"buildDrizzleAttachmentOrEmailFilter Basic functionality should return undefined when email_id is not provided","invocations":1,"location":null,"numPassingAsserts":1,"retryReasons":[],"startAt":1754186734049,"status":"passed","title":"should return undefined when email_id is not provided"},{"ancestorTitles":["buildDrizzleAttachmentOrEmailFilter","Basic functionality"],"duration":2,"failing":false,"failureDetails":[],"failureMessages":[],"fullName":"buildDrizzleAttachmentOrEmailFilter Basic functionality should include attachments when attachments is true","invocations":1,"location":null,"numPassingAsserts":2,"retryReasons":[],"startAt":1754186734053,"status":"passed","title":"should include attachments when attachments is true"},{"ancestorTitles":["buildDrizzleAttachmentOrEmailFilter","Basic functionality"],"duration":2,"failing":false,"failureDetails":[],"failureMessages":[],"fullName":"buildDrizzleAttachmentOrEmailFilter Basic functionality should exclude attachments when attachments is false","invocations":1,"location":null,"numPassingAsserts":2,"retryReasons":[],"startAt":1754186734056,"status":"passed","title":"should exclude attachments when attachments is false"},{"ancestorTitles":["buildDrizzleAttachmentOrEmailFilter","Basic functionality"],"duration":3,"failing":false,"failureDetails":[],"failureMessages":[],"fullName":"buildDrizzleAttachmentOrEmailFilter Basic functionality should use custom emailToDocumentIdFn when provided","invocations":1,"location":null,"numPassingAsserts":2,"retryReasons":[],"startAt":1754186734058,"status":"passed","title":"should use custom emailToDocumentIdFn when provided"},{"ancestorTitles":["buildDrizzleAttachmentOrEmailFilter","URL and URLSearchParams sources"],"duration":3,"failing":false,"failureDetails":[],"failureMessages":[],"fullName":"buildDrizzleAttachmentOrEmailFilter URL and URLSearchParams sources should parse attachments from URL","invocations":1,"location":null,"numPassingAssert
[...]
turn a Date object when given a timestamp number","invocations":1,"location":null,"numPassingAsserts":2,"retryReasons":[],"startAt":1754186765867,"status":"passed","title":"should return a Date object when given a timestamp number"},{"ancestorTitles":["valueGetterDate"],"duration":2,"failing":false,"failureDetails":[],"failureMessages":[],"fullName":"valueGetterDate should return a Date object when given a date string","invocations":1,"location":null,"numPassingAsserts":2,"retryReasons":[],"startAt":1754186765870,"status":"passed","title":"should return a Date object when given a date string"},{"ancestorTitles":["valueGetterDate"],"duration":1,"failing":false,"failureDetails":[],"failureMessages":[],"fullName":"valueGetterDate should return a Date object when given a stringified number","invocations":1,"location":null,"numPassingAsserts":2,"retryReasons":[],"startAt":1754186765873,"status":"passed","title":"should return a Date object when given a stringified number"},{"ancestorTitles":["valueGetterDate"],"duration":2,"failing":false,"failureDetails":[],"failureMessages":[],"fullName":"valueGetterDate should return null for null, undefined, 0, or empty string","invocations":1,"location":null,"numPassingAsserts":4,"retryReasons":[],"startAt":1754186765874,"status":"passed","title":"should return null for null, undefined, 0, or empty string"},{"ancestorTitles":["valueGetterDate"],"duration":2,"failing":false,"failureDetails":[],"failureMessages":[],"fullName":"valueGetterDate should return a Date object for truthy non-number values","invocations":1,"location":null,"numPassingAsserts":2,"retryReasons":[],"startAt":1754186765877,"status":"passed","title":"should return a Date object for truthy non-number values"},{"ancestorTitles":["valueGetterDate"],"duration":1,"failing":false,"failureDetails":[],"failureMessages":[],"fullName":"valueGetterDate should return an Invalid Date for invalid input","invocations":1,"location":null,"numPassingAsserts":2,"retryReasons":[],"startAt":1754186765880,"status":"passed","title":"should return an Invalid Date for invalid input"}],"endTime":1754186765883,"message":"","name":"C:\\Users\\seanm\\source\\repos\\titleix\\web-ui\\__tests__\\components\\mui\\data-grid\\valueGetters.test.ts","startTime":1754186765730,"status":"passed","summary":""},{"assertionResults":[{"ancestorTitles":["AggregateError"],"duration":16,"failing":false,"failureDetails":[],"failureMessages":[],"fullName":"AggregateError should create an instance of AggregateError","invocations":1,"location":null,"numPassingAsserts":4,"retryReasons":[],"startAt":1754186766038,"status":"passed","title":"should create an instance of AggregateError"},{"ancestorTitles":["AggregateError"],"duration":10,"failing":false,"failureDetails":[],"failureMessages":[],"fullName":"AggregateError should check if an error is an instance of AggregateError","invocations":1,"location":null,"numPassingAsserts":2,"retryReasons":[],"startAt":1754186766055,"status":"passed","title":"should check if an error is an instance of AggregateError"},{"ancestorTitles":["AggregateError"],"duration":9,"failing":false,"failureDetails":[],"failureMessages":[],"fullName":"AggregateError should return the correct count of errors","invocations":1,"location":null,"numPassingAsserts":1,"retryReasons":[],"startAt":1754186766066,"status":"passed","title":"should return the correct count of errors"},{"ancestorTitles":["AggregateError"],"duration":18,"failing":false,"failureDetails":[],"failureMessages":[],"fullName":"AggregateError should retrieve the error at the specified index","invocations":1,"location":null,"numPassingAsserts":2,"retryReasons":[],"startAt":1754186766076,"status":"passed","title":"should retrieve the error at the specified index"},{"ancestorTitles":["AggregateError"],"duration":9,"failing":false,"failureDetails":[],"failureMessages":[],"fullName":"AggregateError should iterate over the errors","invocations":1,"location":null,"numPassingAsserts":1,"retryReasons":[],"startAt":1754186766095,"status":"passed","title":"should iterate over the errors"},{"ancestorTitles":["AggregateError"],"duration":10,"failing":false,"failureDetails":[],"failureMessages":[],"fullName":"AggregateError should convert the aggregate error to a string representation","invocations":1,"location":null,"numPassingAsserts":1,"retryReasons":[],"startAt":1754186766104,"status":"passed","title":"should convert the aggregate error to a string representation"},{"ancestorTitles":["AggregateError"],"duration":5,"failing":false,"failureDetails":[],"failureMessages":[],"fullName":"AggregateError should create an instance of AggregateError from an array of errors","invocations":1,"location":null,"numPassingAsserts":3,"retryReasons":[],"startAt":1754186766114,"status":"passed","title":"should create an instance of AggregateError from an array of errors"}],"endTime":1754186766120,"message":"","name":"C:\\Users\\seanm\\source\\repos\\titleix\\web-ui\\__tests__\\lib\\react-util\\errors\\aggregate-error.test.ts","startTime":1754186765904,"status":"passed","summary":""},{"assertionResults":[{"ancestorTitles":["isKeyOf"],"duration":2,"failing":false,"failureDetails":[],"failureMessages":[],"fullName":"isKeyOf should return true if the key is a key of the given object","invocations":1,"location":null,"numPassingAsserts":4,"retryReasons":[],"startAt":1754186766267,"status":"passed","title":"should return true if the key is a key of the given object"},{"ancestorTitles":["isKeyOf"],"duration":2,"failing":false,"failureDetails":[],"failureMessages":[],"fullName":"isKeyOf should return true if the key is in the given array","invocations":1,"location":null,"numPassingAsserts":4,"retryReasons":[],"startAt":1754186766270,"status":"passed","title":"should return true if the key is in the given array"},{"ancestorTitles":["isKeyOf"],"duration":2,"failing":false,"failureDetails":[],"failureMessages":[],"fullName":"isKeyOf should return false if the check parameter is undefined or null","invocations":1,"location":null,"numPassingAsserts":2,"retryReasons":[],"startAt":1754186766272,"status":"passed","title":"should return false if the check parameter is undefined or null"},{"ancestorTitles":["isKeyOf"],"duration":10,"failing":false,"failureDetails":[],"failureMessages":[],"fullName":"isKeyOf should return false if the key is not a string, number, or symbol","invocations":1,"location":null,"numPassingAsserts":1,"retryReasons":[],"startAt":1754186766274,"status":"passed","title":"should return false if the key is not a string, number, or symbol"},{"ancestorTitles":["isMemberOfUnion"],"duration":2,"failing":false,"failureDetails":[],"failureMessages":[],"fullName":"isMemberOfUnion should return true if the check value is a member of the union","invocations":1,"location":null,"numPassingAsserts":4,"retryReasons":[],"startAt":1754186766285,"status":"passed","title":"should return true if the check value is a member of the union"},{"ancestorTitles":["isMemberOfUnion"],"duration":1,"failing":false,"failureDetails":[],"failureMessages":[],"fullName":"isMemberOfUnion should return false if the members parameter is undefined","invocations":1,"location":null,"numPassingAsserts":1,"retryReasons":[],"startAt":1754186766288,"status":"passed","title":"should return false if the members parameter is undefined"},{"ancestorTitles":["isOperationCancelledError"],"duration":2,"failing":false,"failureDetails":[],"failureMessages":[],"fullName":"isOperationCancelledError should return false for a non-abort error","invocations":1,"location":null,"numPassingAsserts":1,"retryReasons":[],"startAt":1754186766290,"status":"passed","title":"should return false for a non-abort error"},{"ancestorTitles":["isOperationCancelledError"],"duration":1,"failing":false,"failureDetails":[],"failureMessages":[],"fullName":"isOperationCancelledError should return false for a non-error object","invocations":1,"location":null,"numPassingAsserts":1,"retryReasons":[],"startAt":1754186766293,"status":"passed","title":"should return false for a non-error object"},{"ancestorTitles":["isOperationCancelledError"],"duration":1,"failing":false,"failureDetails":[],"failureMessages":[],"fullName":"isOperationCancelledError should return false for a null value","invocations":1,"location":null,"numPassingAsserts":1,"retryReasons":[],"startAt":1754186766295,"status":"passed","title":"should return false for a null value"},{"ancestorTitles":["isOperationCancelledError"],"duration":2,"failing":false,"failureDetails":[],"failureMessages":[],"fullName":"isOperationCancelledError should return false for an undefined value","invocations":1,"location":null,"numPassingAsserts":1,"retryReasons":[],"startAt":1754186766297,"status":"passed","title":"should return false for an undefined value"}],"endTime":1754186766300,"message":"","name":"C:\\Users\\seanm\\source\\repos\\titleix\\web-ui\\__tests__\\lib\\typescript\\_guards.test.ts","startTime":1754186766133,"status":"passed","summary":""},{"assertionResults":[{"ancestorTitles":["mapContacts"],"duration":3,"failing":false,"failureDetails":[],"failureMessages":[],"fullName":"mapContacts should map contacts from raw headers","invocations":1,"location":null,"numPassingAsserts":1,"retryReasons":[],"startAt":1754186766446,"status":"passed","title":"should map contacts from raw headers"},{"ancestorTitles":["mapContacts"],"duration":1,"failing":false,"failureDetails":[],"failureMessages":[],"fullName":"mapContacts should map contacts from a ParsedHeaderMap","invocations":1,"location":null,"numPassingAsserts":1,"retryReasons":[],"startAt":1754186766450,"status":"passed","title":"should map contacts from a ParsedHeaderMap"},{"ancestorTitles":["mapContacts"],"duration":1,"failing":false,"failureDetails":[],"failureMessages":[],"fullName":"mapContacts should handle undefined headers","invocations":1,"location":null,"numPassingAsserts":1,"retryReasons":[],"startAt":1754186766452,"status":"passed","title":"should handle undefined headers"},{"ancestorTitles":["mapContacts"],"duration":9,"failing":false,"failureDetails":[],"failureMessages":[],"fullName":"mapContacts should filter out headers not in recipientHeaderNames","invocations":1,"location":null,"numPassingAsserts":1,"retryReasons":[],"startAt":1754186766454,"status":"passed","title":"should filter out headers not in recipientHeaderNames"},{"ancestorTitles":["mapContacts"],"duration":3,"failing":false,"failureDetails":[],"failureMessages":[],"fullName":"mapContacts should return an empty array if no valid contacts are found","invocations":1,"location":null,"numPassingAsserts":1,"retryReasons":[],"startAt":1754186766463,"status":"passed","title":"should return an empty array if no valid contacts are found"}],"endTime":1754186766467,"message":"","name":"C:\\Users\\seanm\\source\\repos\\titleix\\web-ui\\__tests__\\lib\\email\\import\\google\\utilities.test.ts","startTime":1754186766314,"status":"passed","summary":""},{"assertionResults":[{"ancestorTitles":["toolCallbackResultFactory"],"duration":2,"failing":false,"failureDetails":[],"failureMessages":[],"fullName":"toolCallbackResultFactory should return a structuredContent with result for a successful case","invocations":1,"location":null,"numPassingAsserts":1,"retryReasons":[],"startAt":1754186766618,"status":"passed","title":"should return a structuredContent with result for a successful case"},{"ancestorTitles":["toolCallbackResultFactory"],"duration":2,"failing":false,"failureDetails":[],"failureMessages":[],"fullName":"toolCallbackResultFactory should return a structuredContent with isError and message for an error case","invocations":1,"location":null,"numPassingAsserts":1,"retryReasons":[],"startAt":1754186766621,"status":"passed","title":"should return a structuredContent with isError and message for an error case"},{"ancestorTitles":["toolCallbackResultFactory"],"duration":1,"failing":false,"failureDetails":[],"failureMessages":[],"fullName":"toolCallbackResultFactory should override the error message if a custom message is provided","invocations":1,"location":null,"numPassingAsserts":1,"retryReasons":[],"startAt":1754186766624,"status":"passed","title":"should override the error message if a custom message is provided"}],"endTime":1754186766626,"message":"","name":"C:\\Users\\seanm\\source\\repos\\titleix\\web-ui\\__tests__\\lib\\ai\\tools\\toolCallbackResultFactory.test.ts","startTime":1754186766482,"status":"passed","summary":""},{"assertionResults":[{"ancestorTitles":["TimelineAgent"],"duration":3,"failing":false,"failureDetails":[],"failureMessages":[],"fullName":"TimelineAgent passes a dummy test","invocations":1,"location":null,"numPassingAsserts":1,"retryReasons":[],"startAt":1754186766787,"status":"passed","title":"passes a dummy test"}],"endTime":1754186766791,"message":"","name":"C:\\Users\\seanm\\source\\repos\\titleix\\web-ui\\__tests__\\lib\\ai\\agents\\timeline-agent.test.ts","startTime":1754186766648,"status":"passed","summary":""},{"assertionResults":[{"ancestorTitles":["zod-to-json-structure"],"duration":3,"failing":false,"failureDetails":[],"failureMessages":[],"fullName":"zod-to-json-structure should convert DocumentSchema schema to JSON structure","invocations":1,"location":null,"numPassingAsserts":3,"retryReasons":[],"startAt":1754186766949,"status":"passed","title":"should convert DocumentSchema schema to JSON structure"}],"endTime":1754186766954,"message":"","name":"C:\\Users\\seanm\\source\\repos\\titleix\\web-ui\\__tests__\\lib\\typescript\\zod.test.ts","startTime":1754186766802,"status":"passed","summary":""},{"assertionResults":[{"ancestorTitles":["ErrorReporter"],"duration":2,"failing":false,"failureDetails":[],"failureMessages":[],"fullName":"ErrorReporter fix these later","invocations":1,"location":null,"numPassingAsserts":0,"retryReasons":[],"startAt":1754186767118,"status":"passed","title":"fix these later"}],"endTime":1754186767121,"message":"","name":"C:\\Users\\seanm\\source\\repos\\titleix\\web-ui\\__tests__\\lib\\error-monitoring\\error-reporter.test.ts","startTime":1754186766974,"status":"passed","summary":""},{"assertionResults":[{"ancestorTitles":["Chat History Enhancement Demonstration"],"duration":3,"failing":false,"failureDetails":[],"failureMessages":[],"fullName":"Chat History Enhancement Demonstration demonstrates the enhancement: only new messages are saved","invocations":1,"location":null,"numPassingAsserts":2,"retryReasons":[],"startAt":1754186767270,"status":"passed","title":"demonstrates the enhancement: only new messages are saved"},{"ancestorTitles":["Chat History Enhancement Demonstration"],"duration":2,"failing":false,"failureDetails":[],"failureMessages":[],"fullName":"Chat History Enhancement Demonstration shows the enhancement gracefully handles empty and new chats","invocations":1,"location":null,"numPassingAsserts":2,"retryReasons":[],"startAt":1754186767273,"status":"passed","title":"shows the enhancement gracefully handles empty and new chats"},{"ancestorTitles":["Chat History Enhancement Demonstration"],"duration":2,"failing":false,"failureDetails":[],"failureMessages":[],"fullName":"Chat History Enhancement Demonstration validates the enhancement is content and role aware","invocations":1,"location":null,"numPassingAsserts":2,"retryReasons":[],"startAt":1754186767276,"status":"passed","title":"validates the enhancement is content and role aware"}],"endTime":1754186767279,"message":"","name":"C:\\Users\\seanm\\source\\repos\\titleix\\web-ui\\__tests__\\lib\\ai\\middleware\\chat-history\\enhancement-demonstration.test.ts","startTime":1754186767131,"status":"passed","summary":""},{"assertionResults":[],"coverage":{},"endTime":1754186768559,"message":"  \u001b[1m● \u001b[22mTest suite failed to run\n\n    TypeError: Cannot redefine property: location\n        at Function.defineProperty (<anonymous>)\n\n    \u001b[0m \u001b[90m 19 |\u001b[39m\n     \u001b[90m 20 |\u001b[39m \u001b[33mObject\u001b[39m\u001b[33m.\u001b[39mdefineProperty(window\u001b[33m,\u001b[39m \u001b[32m'alert'\u001b[39m\u001b[33m,\u001b[39m { value\u001b[33m:\u001b[39m mockAlert })\u001b[33m;\u001b[39m\n    \u001b[31m\u001b[1m>\u001b[22m\u001b[39m\u001b[90m 21 |\u001b[39m \u001b[33mObject\u001b[39m\u001b[33m.\u001b[39mdefineProperty(window\u001b[33m,\u001b[39m \u001b[32m'location'\u001b[39m\u001b[33m,\u001b[39m {\n     \u001b[90m    |\u001b[39m        \u001b[31m\u001b[1m^\u001b[22m\u001b[39m\n     \u001b[90m 22 |\u001b[39m   value\u001b[33m:\u001b[39m { reload\u001b[33m:\u001b[39m mockReload }\u001b[33m,\u001b[39m\n     \u001b[90m 23 |\u001b[39m   writable\u001b[33m:\u001b[39m \u001b[36mtrue\u001b[39m\u001b[33m,\u001b[39m\n     \u001b[90m 24 |\u001b[39m })\u001b[33m;\u001b[39m\u001b[0m\n\n      \u001b[2mat Object.<anonymous> (\u001b[22m\u001b[0m\u001b[36m__tests__/lib/error-monitoring/recovery-strategies.test.ts\u001b[39m\u001b[0m\u001b[2m:21:8)\u001b[22m\n","name":"C:\\Users\\seanm\\source\\repos\\titleix\\web-ui\\__tests__\\lib\\error-monitoring\\recovery-strategies.test.ts","startTime":1754186768559,"status":"failed","summary":""},{"assertionResults":[],"coverage":{},"endTime":1754186768559,"message":"  \u001b[1m● \u001b[22mTest suite failed to run\n\n    TypeError: Cannot redefine property: location\n        at Function.defineProperty (<anonymous>)\n\n    \u001b[0m \u001b[90m 22 |\u001b[39m \u001b[90m// Mock window.location.reload\u001b[39m\n     \u001b[90m 23 |\u001b[39m \u001b[36mconst\u001b[39m mockReload \u001b[33m=\u001b[39m jest\u001b[33m.\u001b[39mfn()\u001b[33m;\u001b[39m\n    \u001b[31m\u001b[1m>\u001b[22m\u001b[39m\u001b[90m 24 |\u001b[39m \u001b[33mObject\u001b[39m\u001b[33m.\u001b[39mdefineProperty(window\u001b[33m,\u001b[39m \u001b[32m'location'\u001b[39m\u001b[33m,\u001b[39m {\n     \u001b[90m    |\u001b[39m        \u001b[31m\u001b[1m^\u001b[22m\u001b[39m\n     \u001b[90m 25 |\u001b[39m   value\u001b[33m:\u001b[39m { reload\u001b[33m:\u001b[39m mockReload }\u001b[33m,\u001b[39m\n     \u001b[90m 26 |\u001b[39m   writable\u001b[33m:\u001b[39m \u001b[36mtrue\u001b[39m\u001b[33m,\u001b[39m\n     \u001b[90m 27 |\u001b[39m })\u001b[33m;\u001b[39m\u001b[0m\n\n      \u001b[2mat Object.<anonymous> (\u001b[22m\u001b[0m\u001b[36m__tests__/components/error-boundaries/renderFallback.test.tsx\u001b[39m\u001b[0m\u001b[2m:24:8)\u001b[22m\n","name":"C:\\Users\\seanm\\source\\repos\\titleix\\web-ui\\__tests__\\components\\error-boundaries\\renderFallback.test.tsx","startTime":1754186768559,"status":"failed","summary":""},{"assertionResults":[],"coverage":{},"endTime":1754186768559,"message":"  \u001b[1m● \u001b[22mTest suite failed to run\n\n    TypeError: Cannot redefine property: location\n        at Function.defineProperty (<anonymous>)\n\n    \u001b[0m \u001b[90m 40 |\u001b[39m \u001b[36mconst\u001b[39m mockReload \u001b[33m=\u001b[39m jest\u001b[33m.\u001b[39mfn()\u001b[33m;\u001b[39m\n     \u001b[90m 41 |\u001b[39m \u001b[36mconst\u001b[39m mockAlert \u001b[33m=\u001b[39m jest\u001b[33m.\u001b[39mfn()\u001b[33m;\u001b[39m\n    \u001b[31m\u001b[1m>\u001b[22m\u001b[39m\u001b[90m 42 |\u001b[39m \u001b[33mObject\u001b[39m\u001b[33m.\u001b[39mdefineProperty(window\u001b[33m,\u001b[39m \u001b[32m'location'\u001b[39m\u001b[33m,\u001b[39m {\n     \u001b[90m    |\u001b[39m        \u001b[31m\u001b[1m^\u001b[22m\u001b[39m\n     \u001b[90m 43 |\u001b[39m   value\u001b[33m:\u001b[39m { reload\u001b[33m:\u001b[39m mockReload }\u001b[33m,\u001b[39m\n     \u001b[90m 44 |\u001b[39m   writable\u001b[33m:\u001b[39m \u001b[36mtrue\u001b[39m\u001b[33m,\u001b[39m\n     \u001b[90m 45 |\u001b[39m })\u001b[33m;\u001b[39m\u001b[0m\n\n      \u001b[2mat Object.<anonymous> (\u001b[22m\u001b[0m\u001b[36m__tests__/components/error-boundaries/error-flow-integration.test.tsx\u001b[39m\u001b[0m\u001b[2m:42:8)\u001b[22m\n","name":"C:\\Users\\seanm\\source\\repos\\titleix\\web-ui\\__tests__\\components\\error-boundaries\\error-flow-integration.test.tsx","startTime":1754186768559,"status":"failed","summary":""}],"wasInterrupted":false}
